# vsim -voptargs="+acc" -debugDB -c tb_rv32imp_pipeline -l logs/rv32imp_pipeline.log -do "log -r /*; run -all; quit" 
# Start time: 23:19:48 on Apr 19,2026
# ** Note: (vsim-3812) Design is being optimized...
# ** Note: (vsim-8611) Generating debug db.
# ** Note: (vopt-4301) Memory core inferred for signal 'ram_array' width=32, depth=524288, type=RAM at location ../rtl/data_memory.sv:17
# //  Questa Sim-64
# //  Version 2021.2_1 linux_x86_64 May 15 2021
# //
# //  Copyright 1991-2021 Mentor Graphics Corporation
# //  All Rights Reserved.
# //
# //  QuestaSim and its associated documentation contain trade
# //  secrets and commercial or financial information that are the property of
# //  Mentor Graphics Corporation and are privileged, confidential,
# //  and exempt from disclosure under the Freedom of Information Act,
# //  5 U.S.C. Section 552. Furthermore, this information
# //  is prohibited from disclosure under the Trade Secrets Act,
# //  18 U.S.C. Section 1905.
# //
# Loading sv_std.std
# Loading work.tb_rv32imp_pipeline(fast)
# Loading work.rv32_pkg(fast)
# Loading work.rv32imp_pipeline(fast)
# Loading work.Program_Counter(fast)
# Loading work.Adder(fast)
# Loading work.IMem(fast)
# Loading work.pipe_reg(fast)
# Loading work.Decoder(fast)
# Loading work.Control_Logic(fast)
# Loading work.ImmGen(fast)
# Loading work.RegFile(fast)
# Loading work.pipe_reg(fast__1)
# Loading work.pipe_reg(fast__2)
# Loading work.pipe_reg(fast__3)
# Loading work.pipe_reg(fast__4)
# Loading work.Forwarding_Unit(fast)
# Loading work.Branch_Comparator(fast)
# Loading work.ALU(fast)
# Loading work.ALUP(fast)
# Loading work.Adder_9Bit(fast)
# Loading work.Mac8_Unit(fast)
# Loading work.PC_Selection(fast)
# Loading work.Data_Memory(fast)
# Loading work.Hazard_Detection(fast)
# ** Note: (vsim-8900) Creating design debug database vsim.dbg.
# log -r /*
#  run -all
# =================================
# SOBEL FILTER COMPLETE!
# Total simulation cycles = 28847
# =================================
# Match at address 800100e8: expected 00000000, got 00000000
# Match at address 800100ec: expected 00000000, got 00000000
# Match at address 800100f0: expected 00000000, got 00000000
# Match at address 800100f4: expected 00000000, got 00000000
# Match at address 800100f8: expected 00000000, got 00000000
# Match at address 800100fc: expected 00000000, got 00000000
# Match at address 80010100: expected 00000000, got 00000000
# Match at address 80010104: expected 3e000000, got 3e000000
# Match at address 80010108: expected 20293138, got 20293138
# Match at address 8001010c: expected fe060f18, got fe060f18
# Match at address 80010110: expected e8ecf1f7, got e8ecf1f7
# Match at address 80010114: expected e4e3e4e5, got e4e3e4e5
# Match at address 80010118: expected f2ede9e6, got f2ede9e6
# Match at address 8001011c: expected 0e06fff8, got 0e06fff8
# Match at address 80010120: expected 2d261e16, got 2d261e16
# Match at address 80010124: expected 423f3a34, got 423f3a34
# Match at address 80010128: expected 45464645, got 45464645
# Match at address 8001012c: expected 373b4043, got 373b4043
# Match at address 80010130: expected 1c242b31, got 1c242b31
# Match at address 80010134: expected fb030c14, got fb030c14
# Match at address 80010138: expected e0e5ebf3, got e0e5ebf3
# Match at address 8001013c: expected dddbdbdc, got dddbdbdc
# Match at address 80010140: expected f6eee7e1, got f6eee7e1
# Match at address 80010144: expected 1a1108ff, got 1a1108ff
# Match at address 80010148: expected 3a322b22, got 3a322b22
# Match at address 8001014c: expected 4e4b4640, got 4e4b4640
# Match at address 80010150: expected 51535351, got 51535351
# Match at address 80010154: expected 3d444a4e, got 3d444a4e
# Match at address 80010158: expected 1a232c35, got 1a232c35
# Match at address 8001015c: expected f5fd0710, got f5fd0710
# Match at address 80010160: expected dee2e7ee, got dee2e7ee
# Match at address 80010164: expected dddbdadb, got dddbdadb
# Match at address 80010168: expected f0eae4e0, got f0eae4e0
# Match at address 8001016c: expected 0d06fef7, got 0d06fef7
# Match at address 80010170: expected 2a231c15, got 2a231c15
# Match at address 80010174: expected 3d3a3530, got 3d3a3530
# Match at address 80010178: expected 3d3f403f, got 3d3f403f
# Match at address 8001017c: expected 2b31363a, got 2b31363a
# Match at address 80010180: expected 0e151c24, got 0e151c24
# Match at address 80010184: expected f5fa0007, got f5fa0007
# Match at address 80010188: expected e6e8ecf0, got e6e8ecf0
# Match at address 8001018c: expected e3e2e2e4, got e3e2e2e4
# Match at address 80010190: expected efebe7e4, got efebe7e4
# Match at address 80010194: expected 0a03fbf5, got 0a03fbf5
# Match at address 80010198: expected 2a221b13, got 2a221b13
# Match at address 8001019c: expected 3d3a3530, got 3d3a3530
# Match at address 800101a0: expected 3f40403f, got 3f40403f
# Match at address 800101a4: expected 32363a3d, got 32363a3d
# Match at address 800101a8: expected 171f262c, got 171f262c
# Match at address 800101ac: expected f5fd060f, got f5fd060f
#  PASS
# ** Note: $finish    : ../tb/tb_rv32imp_pipeline.sv(65)
#    Time: 288506 ns  Iteration: 0  Instance: /tb_rv32imp_pipeline
# End time: 23:19:51 on Apr 19,2026, Elapsed time: 0:00:03
# Errors: 0, Warnings: 0
