# vsim -voptargs="+acc" -debugDB -c tb_rv32imp_pipeline -l logs/rv32imp_pipeline.log -do "log -r /*; run -all; quit" 
# Start time: 22:37:31 on Apr 19,2026
# ** Note: (vsim-3812) Design is being optimized...
# ** Note: (vsim-8611) Generating debug db.
# ** Note: (vopt-4301) Memory core inferred for signal 'ram_array' width=32, depth=524288, type=RAM at location ../rtl/data_memory.sv:17
# //  Questa Sim-64
# //  Version 2021.2_1 linux_x86_64 May 15 2021
# //
# //  Copyright 1991-2021 Mentor Graphics Corporation
# //  All Rights Reserved.
# //
# //  QuestaSim and its associated documentation contain trade
# //  secrets and commercial or financial information that are the property of
# //  Mentor Graphics Corporation and are privileged, confidential,
# //  and exempt from disclosure under the Freedom of Information Act,
# //  5 U.S.C. Section 552. Furthermore, this information
# //  is prohibited from disclosure under the Trade Secrets Act,
# //  18 U.S.C. Section 1905.
# //
# Loading sv_std.std
# Loading work.tb_rv32imp_pipeline(fast)
# Loading work.rv32_pkg(fast)
# Loading work.rv32imp_pipeline(fast)
# Loading work.Program_Counter(fast)
# Loading work.Adder(fast)
# Loading work.IMem(fast)
# Loading work.pipe_reg(fast)
# Loading work.Decoder(fast)
# Loading work.Control_Logic(fast)
# Loading work.ImmGen(fast)
# Loading work.RegFile(fast)
# Loading work.pipe_reg(fast__1)
# Loading work.pipe_reg(fast__2)
# Loading work.pipe_reg(fast__3)
# Loading work.pipe_reg(fast__4)
# Loading work.Forwarding_Unit(fast)
# Loading work.Branch_Comparator(fast)
# Loading work.ALU(fast)
# Loading work.ALUP(fast)
# Loading work.Adder_9Bit(fast)
# Loading work.Mac8_Unit(fast)
# Loading work.PC_Selection(fast)
# Loading work.Data_Memory(fast)
# Loading work.Hazard_Detection(fast)
# ** Note: (vsim-8900) Creating design debug database vsim.dbg.
# log -r /*
#  run -all
# =================================
# SOBEL FILTER COMPLETE!
# Total simulation cycles = 51703
# =================================
# Match at address 80010000: expected 00000000, got 00000000
# Match at address 80010004: expected 00000000, got 00000000
# Match at address 80010008: expected 00000000, got 00000000
# Match at address 8001000c: expected 00000000, got 00000000
# Match at address 80010010: expected 00000000, got 00000000
# Match at address 80010014: expected 00000000, got 00000000
# Match at address 80010018: expected 00000000, got 00000000
# Mismatch at address 8001001c: expected 3e000000, got 00000000
# Mismatch at address 80010020: expected 20293138, got 00000000
# Mismatch at address 80010024: expected fe060f18, got 00000000
# Mismatch at address 80010028: expected e8ecf1f7, got 00000000
# Mismatch at address 8001002c: expected e4e3e4e5, got 00000000
# Mismatch at address 80010030: expected f2ede9e6, got 00000000
# Mismatch at address 80010034: expected 0e06fff8, got 00000000
# Mismatch at address 80010038: expected 2d261e16, got 00000000
# Mismatch at address 8001003c: expected 423f3a34, got 00000000
# Mismatch at address 80010040: expected 45464645, got 00000000
# Mismatch at address 80010044: expected 373b4043, got 00000000
# Mismatch at address 80010048: expected 1c242b31, got 00000000
# Mismatch at address 8001004c: expected fb030c14, got 00000000
# Mismatch at address 80010050: expected e0e5ebf3, got 00000000
# Mismatch at address 80010054: expected dddbdbdc, got 00000000
# Mismatch at address 80010058: expected f6eee7e1, got 00000000
# Mismatch at address 8001005c: expected 1a1108ff, got 00000000
# Mismatch at address 80010060: expected 3a322b22, got 00000000
# Mismatch at address 80010064: expected 4e4b4640, got 00000000
# Mismatch at address 80010068: expected 51535351, got 00000000
# Mismatch at address 8001006c: expected 3d444a4e, got 00000000
# Mismatch at address 80010070: expected 1a232c35, got 00000000
# Mismatch at address 80010074: expected f5fd0710, got 00000000
# Mismatch at address 80010078: expected dee2e7ee, got 00000000
# Mismatch at address 8001007c: expected dddbdadb, got 00000000
# Mismatch at address 80010080: expected f0eae4e0, got 00000000
# Mismatch at address 80010084: expected 0d06fef7, got 00000000
# Mismatch at address 80010088: expected 2a231c15, got 00000000
# Mismatch at address 8001008c: expected 3d3a3530, got 00000000
# Mismatch at address 80010090: expected 3d3f403f, got 00000000
# Mismatch at address 80010094: expected 2b31363a, got 00000000
# Mismatch at address 80010098: expected 0e151c24, got 00000000
# Mismatch at address 8001009c: expected f5fa0007, got 00000000
# Mismatch at address 800100a0: expected e6e8ecf0, got 00000000
# Mismatch at address 800100a4: expected e3e2e2e4, got 00000000
# Mismatch at address 800100a8: expected efebe7e4, got 00000000
# Mismatch at address 800100ac: expected 0a03fbf5, got 00000000
# Mismatch at address 800100b0: expected 2a221b13, got 00000000
# Mismatch at address 800100b4: expected 3d3a3530, got 00000000
# Mismatch at address 800100b8: expected 3f40403f, got 00000000
# Mismatch at address 800100bc: expected 32363a3d, got 00000000
# Mismatch at address 800100c0: expected 171f262c, got 00000000
# Mismatch at address 800100c4: expected f5fd060f, got 00000000
#  FAIL: 43 mismatches
# ** Note: $finish    : ../tb/tb_rv32imp_pipeline.sv(65)
#    Time: 517066 ns  Iteration: 0  Instance: /tb_rv32imp_pipeline
# End time: 22:37:34 on Apr 19,2026, Elapsed time: 0:00:03
# Errors: 0, Warnings: 0
