# vsim -voptargs="+acc" -debugDB -c tb_rv32imp_pipeline -l logs/rv32imp_pipeline.log -do "log -r /*; run -all; quit" 
# Start time: 12:30:45 on Apr 19,2026
# ** Note: (vsim-8009) Loading existing optimized design _opt
# //  Questa Sim-64
# //  Version 2021.2_1 linux_x86_64 May 15 2021
# //
# //  Copyright 1991-2021 Mentor Graphics Corporation
# //  All Rights Reserved.
# //
# //  QuestaSim and its associated documentation contain trade
# //  secrets and commercial or financial information that are the property of
# //  Mentor Graphics Corporation and are privileged, confidential,
# //  and exempt from disclosure under the Freedom of Information Act,
# //  5 U.S.C. Section 552. Furthermore, this information
# //  is prohibited from disclosure under the Trade Secrets Act,
# //  18 U.S.C. Section 1905.
# //
# Loading sv_std.std
# Loading work.tb_rv32imp_pipeline(fast)
# Loading work.rv32_pkg(fast)
# Loading work.rv32imp_pipeline(fast)
# Loading work.Program_Counter(fast)
# Loading work.Adder(fast)
# Loading work.IMem(fast)
# Loading work.pipe_reg(fast)
# Loading work.Decoder(fast)
# Loading work.Control_Logic(fast)
# Loading work.ImmGen(fast)
# Loading work.RegFile(fast)
# Loading work.pipe_reg(fast__1)
# Loading work.pipe_reg(fast__2)
# Loading work.pipe_reg(fast__3)
# Loading work.pipe_reg(fast__4)
# Loading work.Forwarding_Unit(fast)
# Loading work.Branch_Comparator(fast)
# Loading work.ALU(fast)
# Loading work.ALUP(fast)
# Loading work.Adder_9Bit(fast)
# Loading work.Mac8_Unit(fast)
# Loading work.PC_Selection(fast)
# Loading work.Data_Memory(fast)
# Loading work.Hazard_Detection(fast)
# ** Note: (vsim-8716) Reusing existing debug database vsim.dbg.
# log -r /*
#  run -all
# =================================
# SOBEL FILTER COMPLETE!
# Total simulation cycles = 94259
# =================================
# Match at address 80010900: expected 00000000, got 00000000
# Match at address 80010904: expected 00000000, got 00000000
# Match at address 80010908: expected 00000000, got 00000000
# Match at address 8001090c: expected 00000000, got 00000000
# Match at address 80010910: expected 00000000, got 00000000
# Match at address 80010914: expected 00000000, got 00000000
# Match at address 80010918: expected 00000000, got 00000000
# Match at address 8001091c: expected 00000000, got 00000000
# Match at address 80010920: expected 00000000, got 00000000
# Match at address 80010924: expected 00000000, got 00000000
# Match at address 80010928: expected 00000000, got 00000000
# Match at address 8001092c: expected 00000000, got 00000000
# Mismatch at address 80010930: expected 08020000, got 04020000
# Mismatch at address 80010934: expected 1010100e, got 10100e08
# Match at address 80010938: expected 10101010, got 10101010
# Match at address 8001093c: expected 10101010, got 10101010
# Match at address 80010940: expected 10101010, got 10101010
# Match at address 80010944: expected 10101010, got 10101010
# Mismatch at address 80010948: expected 0e101010, got 10101010
# Mismatch at address 8001094c: expected 00000208, got 0002080e
# Mismatch at address 80010950: expected 08020000, got 02000000
# Mismatch at address 80010954: expected 1010100e, got 10100e08
# Mismatch at address 80010958: expected 0e101010, got 10101010
# Mismatch at address 8001095c: expected 00000208, got 0002080e
# Mismatch at address 80010960: expected 30100200, got 1a100200
# Mismatch at address 80010964: expected 5858584e, got 58584e2e
# Match at address 80010968: expected 58585858, got 58585858
# Match at address 8001096c: expected 58585858, got 58585858
# Match at address 80010970: expected 58585858, got 58585858
# Match at address 80010974: expected 58585858, got 58585858
# Mismatch at address 80010978: expected 4e585858, got 58585858
# Mismatch at address 8001097c: expected 00021030, got 0210304e
# Mismatch at address 80010980: expected 30100200, got 10020000
# Mismatch at address 80010984: expected 5858584e, got 58584e30
# Mismatch at address 80010988: expected 4e585858, got 58585858
# Mismatch at address 8001098c: expected 00021030, got 0010304e
# Mismatch at address 80010990: expected 80300800, got 44300800
# Mismatch at address 80010994: expected c0c2cac0, got c2cac074
# Match at address 80010998: expected c0c0c0c0, got c0c0c0c0
# Match at address 8001099c: expected c0c0c0c0, got c0c0c0c0
# Match at address 800109a0: expected c0c0c0c0, got c0c0c0c0
# Match at address 800109a4: expected c0c0c0c0, got c0c0c0c0
# Mismatch at address 800109a8: expected c0cac2c0, got cac2c0c0
# Mismatch at address 800109ac: expected 00083080, got 083080c0
# Mismatch at address 800109b0: expected 80300800, got 30080000
# Mismatch at address 800109b4: expected c0c2cac0, got c2cac080
# Mismatch at address 800109b8: expected c0cac2c0, got cac2c0c0
# Mismatch at address 800109bc: expected 00083080, got 003080c0
# Mismatch at address 800109c0: expected c04e0e00, got 5e4e0e00
# Mismatch at address 800109c4: expected c0c8e8ff, got c8e8ff9e
# Match at address 800109c8: expected c0c0c0c0, got c0c0c0c0
# Match at address 800109cc: expected c0c0c0c0, got c0c0c0c0
# Match at address 800109d0: expected c0c0c0c0, got c0c0c0c0
# Match at address 800109d4: expected c0c0c0c0, got c0c0c0c0
# Mismatch at address 800109d8: expected ffe8c8c0, got e8c8c0c0
# Mismatch at address 800109dc: expected 000e4ec0, got 0e4ec0ff
# Mismatch at address 800109e0: expected c04e0e00, got 4e0e0000
# Mismatch at address 800109e4: expected c0c8e8ff, got c8e8ffc0
# Mismatch at address 800109e8: expected ffe8c8c0, got e8c8c0c0
# Mismatch at address 800109ec: expected 000e4ec0, got 004ec0ff
# Mismatch at address 800109f0: expected ca581000, got 56581000
# Mismatch at address 800109f4: expected 5866a0e8, got 66a0e890
# Match at address 800109f8: expected 58585858, got 58585858
# Match at address 800109fc: expected 58585858, got 58585858
# Match at address 80010a00: expected 58585858, got 58585858
# Match at address 80010a04: expected 58585858, got 58585858
# Mismatch at address 80010a08: expected e8a06658, got a0665858
# Mismatch at address 80010a0c: expected 001058ca, got 1058cae8
# Mismatch at address 80010a10: expected ca581000, got 58100000
# Mismatch at address 80010a14: expected 5866a0e8, got 66a0e8ca
# Mismatch at address 80010a18: expected e8a06658, got a0665858
# Mismatch at address 80010a1c: expected 001058ca, got 0058cae8
# Mismatch at address 80010a20: expected c2581000, got 4a581000
# Mismatch at address 80010a24: expected 102066c8, got 2066c87c
# Match at address 80010a28: expected 10101010, got 10101010
# Match at address 80010a2c: expected 10101010, got 10101010
# Match at address 80010a30: expected 10101010, got 10101010
# Match at address 80010a34: expected 10101010, got 10101010
# Mismatch at address 80010a38: expected c8662010, got 66201010
# Mismatch at address 80010a3c: expected 001058c2, got 1058c2c8
# Mismatch at address 80010a40: expected c2581000, got 58100000
# Mismatch at address 80010a44: expected 102066c8, got 2066c8c2
# Mismatch at address 80010a48: expected c8662010, got 66201010
# Mismatch at address 80010a4c: expected 001058c2, got 0058c2c8
# Mismatch at address 80010a50: expected c0581000, got 48581000
# Mismatch at address 80010a54: expected 021058c0, got 1058c078
# Mismatch at address 80010a58: expected 00000202, got 00020202
# Match at address 80010a5c: expected 00000000, got 00000000
# Match at address 80010a60: expected 00000000, got 00000000
# Mismatch at address 80010a64: expected 02020000, got 02000000
# Mismatch at address 80010a68: expected c0581002, got 58100202
# Mismatch at address 80010a6c: expected 001058c0, got 1058c0c0
# Mismatch at address 80010a70: expected c0581000, got 58100000
# Mismatch at address 80010a74: expected 001058c0, got 1058c0c0
# Mismatch at address 80010a78: expected c0581000, got 58100000
# Mismatch at address 80010a7c: expected 001058c0, got 0058c0c0
# Mismatch at address 80010a80: expected c0581000, got 48581000
# Mismatch at address 80010a84: expected 021058c0, got 1058c078
# Mismatch at address 80010a88: expected 00000200, got 00020002
# Match at address 80010a8c: expected 00000000, got 00000000
# Match at address 80010a90: expected 00000000, got 00000000
# Mismatch at address 80010a94: expected 00020000, got 02000000
# Mismatch at address 80010a98: expected c0581002, got 58100200
# Mismatch at address 80010a9c: expected 001058c0, got 1058c0c0
# Mismatch at address 80010aa0: expected c0581000, got 58100000
# Mismatch at address 80010aa4: expected 001058c0, got 1058c0c0
# Mismatch at address 80010aa8: expected c0581000, got 58100000
# Mismatch at address 80010aac: expected 001058c0, got 0058c0c0
# Mismatch at address 80010ab0: expected c0581000, got 48581000
# Mismatch at address 80010ab4: expected 021058c0, got 1058c078
# Mismatch at address 80010ab8: expected 08020202, got 02020202
# Mismatch at address 80010abc: expected 1010100e, got 10100e08
# Mismatch at address 80010ac0: expected 0e101010, got 10101010
# Mismatch at address 80010ac4: expected 02020208, got 0202080e
# Mismatch at address 80010ac8: expected c0581002, got 58100202
# Mismatch at address 80010acc: expected 001058c0, got 1058c0c0
# Mismatch at address 80010ad0: expected c0581000, got 58100000
# Mismatch at address 80010ad4: expected 001058c0, got 1058c0c0
# Mismatch at address 80010ad8: expected c0581000, got 58100000
# Mismatch at address 80010adc: expected 001058c0, got 0058c0c0
# Mismatch at address 80010ae0: expected c0581000, got 48581000
# Mismatch at address 80010ae4: expected 001058c0, got 1058c078
# Mismatch at address 80010ae8: expected 30100200, got 10020000
# Mismatch at address 80010aec: expected 5858584e, got 58584e30
# Mismatch at address 80010af0: expected 4e585858, got 58585858
# Mismatch at address 80010af4: expected 00021030, got 0210304e
# Mismatch at address 80010af8: expected c0581000, got 58100000
# Mismatch at address 80010afc: expected 001058c0, got 1058c0c0
# Mismatch at address 80010b00: expected c0581000, got 58100000
# Mismatch at address 80010b04: expected 001058c0, got 1058c0c0
# Mismatch at address 80010b08: expected c0581000, got 58100000
# Mismatch at address 80010b0c: expected 001058c0, got 0058c0c0
# Mismatch at address 80010b10: expected c0581000, got 48581000
# Mismatch at address 80010b14: expected 001058c0, got 1058c078
# Mismatch at address 80010b18: expected 80300800, got 30080000
# Mismatch at address 80010b1c: expected c0c2cac0, got c2cac080
# Mismatch at address 80010b20: expected c0cac2c0, got cac2c0c0
# Mismatch at address 80010b24: expected 00083080, got 083080c0
# Mismatch at address 80010b28: expected c0581000, got 58100000
# Mismatch at address 80010b2c: expected 001058c0, got 1058c0c0
# Mismatch at address 80010b30: expected c0581000, got 58100000
# Mismatch at address 80010b34: expected 001058c0, got 1058c0c0
# Mismatch at address 80010b38: expected c0581000, got 58100000
# Mismatch at address 80010b3c: expected 001058c0, got 0058c0c0
# Mismatch at address 80010b40: expected c0581000, got 48581000
# Mismatch at address 80010b44: expected 001058c0, got 1058c078
# Mismatch at address 80010b48: expected c04e0e00, got 4e0e0000
# Mismatch at address 80010b4c: expected c0c8e8ff, got c8e8ffc0
# Mismatch at address 80010b50: expected ffe8c8c0, got e8c8c0c0
# Mismatch at address 80010b54: expected 000e4ec0, got 0e4ec0ff
# Mismatch at address 80010b58: expected c0581000, got 58100000
# Mismatch at address 80010b5c: expected 001058c0, got 1058c0c0
# Mismatch at address 80010b60: expected c0581000, got 58100000
# Mismatch at address 80010b64: expected 001058c0, got 1058c0c0
# Mismatch at address 80010b68: expected c0581000, got 58100000
# Mismatch at address 80010b6c: expected 001058c0, got 0058c0c0
# Mismatch at address 80010b70: expected c0581000, got 48581000
# Mismatch at address 80010b74: expected 001058c0, got 1058c078
# Mismatch at address 80010b78: expected ca581000, got 58100000
# Mismatch at address 80010b7c: expected 5866a0e8, got 66a0e8ca
# Mismatch at address 80010b80: expected e8a06658, got a0665858
# Mismatch at address 80010b84: expected 001058ca, got 1058cae8
# Mismatch at address 80010b88: expected c0581000, got 58100000
# Mismatch at address 80010b8c: expected 001058c0, got 1058c0c0
# Mismatch at address 80010b90: expected c0581000, got 58100000
# Mismatch at address 80010b94: expected 001058c0, got 1058c0c0
# Mismatch at address 80010b98: expected c0581000, got 58100000
# Mismatch at address 80010b9c: expected 001058c0, got 0058c0c0
# Mismatch at address 80010ba0: expected c0581000, got 48581000
# Mismatch at address 80010ba4: expected 001058c0, got 1058c078
# Mismatch at address 80010ba8: expected c2581000, got 58100000
# Mismatch at address 80010bac: expected 102066c8, got 2066c8c2
# Mismatch at address 80010bb0: expected c8662010, got 66201010
# Mismatch at address 80010bb4: expected 001058c2, got 1058c2c8
# Mismatch at address 80010bb8: expected c0581000, got 58100000
# Mismatch at address 80010bbc: expected 001058c0, got 1058c0c0
# Mismatch at address 80010bc0: expected c0581000, got 58100000
# Mismatch at address 80010bc4: expected 001058c0, got 1058c0c0
# Mismatch at address 80010bc8: expected c0581000, got 58100000
# Mismatch at address 80010bcc: expected 001058c0, got 0058c0c0
# Mismatch at address 80010bd0: expected c0581000, got 48581000
# Mismatch at address 80010bd4: expected 001058c0, got 1058c078
# Mismatch at address 80010bd8: expected c0581000, got 58100000
# Mismatch at address 80010bdc: expected 001058c0, got 1058c0c0
# Mismatch at address 80010be0: expected c0581000, got 58100000
# Mismatch at address 80010be4: expected 001058c0, got 1058c0c0
# Mismatch at address 80010be8: expected c0581000, got 58100000
# Mismatch at address 80010bec: expected 001058c0, got 1058c0c0
# Mismatch at address 80010bf0: expected c0581000, got 58100000
# Mismatch at address 80010bf4: expected 001058c0, got 1058c0c0
# Mismatch at address 80010bf8: expected c0581000, got 58100000
# Mismatch at address 80010bfc: expected 001058c0, got 0058c0c0
# Mismatch at address 80010c00: expected c0581000, got 48581000
# Mismatch at address 80010c04: expected 001058c0, got 1058c078
# Mismatch at address 80010c08: expected c0581000, got 58100000
# Mismatch at address 80010c0c: expected 001058c0, got 1058c0c0
# Mismatch at address 80010c10: expected c0581000, got 58100000
# Mismatch at address 80010c14: expected 001058c0, got 1058c0c0
# Mismatch at address 80010c18: expected c0581000, got 58100000
# Mismatch at address 80010c1c: expected 001058c0, got 1058c0c0
# Mismatch at address 80010c20: expected c0581000, got 58100000
# Mismatch at address 80010c24: expected 001058c0, got 1058c0c0
# Mismatch at address 80010c28: expected c0581000, got 58100000
# Mismatch at address 80010c2c: expected 001058c0, got 0058c0c0
# Mismatch at address 80010c30: expected c0581000, got 48581000
# Mismatch at address 80010c34: expected 001058c0, got 1058c078
# Mismatch at address 80010c38: expected c0581000, got 58100000
# Mismatch at address 80010c3c: expected 001058c0, got 1058c0c0
# Mismatch at address 80010c40: expected c0581000, got 58100000
# Mismatch at address 80010c44: expected 001058c0, got 1058c0c0
# Mismatch at address 80010c48: expected c0581000, got 58100000
# Mismatch at address 80010c4c: expected 001058c0, got 1058c0c0
# Mismatch at address 80010c50: expected c0581000, got 58100000
# Mismatch at address 80010c54: expected 001058c0, got 1058c0c0
# Mismatch at address 80010c58: expected c0581000, got 58100000
# Mismatch at address 80010c5c: expected 001058c0, got 0058c0c0
# Mismatch at address 80010c60: expected c0581000, got 48581000
# Mismatch at address 80010c64: expected 001058c0, got 1058c078
# Mismatch at address 80010c68: expected c0581000, got 58100000
# Mismatch at address 80010c6c: expected 001058c0, got 1058c0c0
# Mismatch at address 80010c70: expected c0581000, got 58100000
# Mismatch at address 80010c74: expected 001058c0, got 1058c0c0
# Mismatch at address 80010c78: expected c0581000, got 58100000
# Mismatch at address 80010c7c: expected 001058c0, got 1058c0c0
# Mismatch at address 80010c80: expected c0581000, got 58100000
# Mismatch at address 80010c84: expected 001058c0, got 1058c0c0
# Mismatch at address 80010c88: expected c0581000, got 58100000
# Mismatch at address 80010c8c: expected 001058c0, got 0058c0c0
# Mismatch at address 80010c90: expected c0581000, got 48581000
# Mismatch at address 80010c94: expected 001058c0, got 1058c078
# Mismatch at address 80010c98: expected c0581000, got 58100000
# Mismatch at address 80010c9c: expected 001058c0, got 1058c0c0
# Mismatch at address 80010ca0: expected c0581000, got 58100000
# Mismatch at address 80010ca4: expected 001058c0, got 1058c0c0
# Mismatch at address 80010ca8: expected c0581000, got 58100000
# Mismatch at address 80010cac: expected 001058c0, got 1058c0c0
# Mismatch at address 80010cb0: expected c0581000, got 58100000
# Mismatch at address 80010cb4: expected 001058c0, got 1058c0c0
# Mismatch at address 80010cb8: expected c0581000, got 58100000
# Mismatch at address 80010cbc: expected 001058c0, got 0058c0c0
# Mismatch at address 80010cc0: expected c0581000, got 48581000
# Mismatch at address 80010cc4: expected 001058c0, got 1058c078
# Mismatch at address 80010cc8: expected c0581000, got 58100000
# Mismatch at address 80010ccc: expected 001058c0, got 1058c0c0
# Mismatch at address 80010cd0: expected c0581000, got 58100000
# Mismatch at address 80010cd4: expected 001058c0, got 1058c0c0
# Mismatch at address 80010cd8: expected c0581000, got 58100000
# Mismatch at address 80010cdc: expected 001058c0, got 1058c0c0
# Mismatch at address 80010ce0: expected c0581000, got 58100000
# Mismatch at address 80010ce4: expected 001058c0, got 1058c0c0
# Mismatch at address 80010ce8: expected c0581000, got 58100000
# Mismatch at address 80010cec: expected 001058c0, got 0058c0c0
# Mismatch at address 80010cf0: expected c0581000, got 48581000
# Mismatch at address 80010cf4: expected 001058c0, got 1058c078
# Mismatch at address 80010cf8: expected c2581000, got 58100000
# Mismatch at address 80010cfc: expected 102066c8, got 2066c8c2
# Mismatch at address 80010d00: expected c8662010, got 66201010
# Mismatch at address 80010d04: expected 001058c2, got 1058c2c8
# Mismatch at address 80010d08: expected c0581000, got 58100000
# Mismatch at address 80010d0c: expected 001058c0, got 1058c0c0
# Mismatch at address 80010d10: expected c0581000, got 58100000
# Mismatch at address 80010d14: expected 001058c0, got 1058c0c0
# Mismatch at address 80010d18: expected c0581000, got 58100000
# Mismatch at address 80010d1c: expected 001058c0, got 0058c0c0
# Mismatch at address 80010d20: expected c0581000, got 48581000
# Mismatch at address 80010d24: expected 001058c0, got 1058c078
# Mismatch at address 80010d28: expected ca581000, got 58100000
# Mismatch at address 80010d2c: expected 5866a0e8, got 66a0e8ca
# Mismatch at address 80010d30: expected e8a06658, got a0665858
# Mismatch at address 80010d34: expected 001058ca, got 1058cae8
# Mismatch at address 80010d38: expected c0581000, got 58100000
# Mismatch at address 80010d3c: expected 001058c0, got 1058c0c0
# Mismatch at address 80010d40: expected c0581000, got 58100000
# Mismatch at address 80010d44: expected 001058c0, got 1058c0c0
# Mismatch at address 80010d48: expected c0581000, got 58100000
# Mismatch at address 80010d4c: expected 001058c0, got 0058c0c0
# Mismatch at address 80010d50: expected c0581000, got 48581000
# Mismatch at address 80010d54: expected 001058c0, got 1058c078
# Mismatch at address 80010d58: expected c04e0e00, got 4e0e0000
# Mismatch at address 80010d5c: expected c0c8e8ff, got c8e8ffc0
# Mismatch at address 80010d60: expected ffe8c8c0, got e8c8c0c0
# Mismatch at address 80010d64: expected 000e4ec0, got 0e4ec0ff
# Mismatch at address 80010d68: expected c0581000, got 58100000
# Mismatch at address 80010d6c: expected 001058c0, got 1058c0c0
# Mismatch at address 80010d70: expected c0581000, got 58100000
# Mismatch at address 80010d74: expected 001058c0, got 1058c0c0
# Mismatch at address 80010d78: expected c0581000, got 58100000
# Mismatch at address 80010d7c: expected 001058c0, got 0058c0c0
# Mismatch at address 80010d80: expected c0581000, got 48581000
# Mismatch at address 80010d84: expected 001058c0, got 1058c078
# Mismatch at address 80010d88: expected 80300800, got 30080000
# Mismatch at address 80010d8c: expected c0c2cac0, got c2cac080
# Mismatch at address 80010d90: expected c0cac2c0, got cac2c0c0
# Mismatch at address 80010d94: expected 00083080, got 083080c0
# Mismatch at address 80010d98: expected c0581000, got 58100000
# Mismatch at address 80010d9c: expected 001058c0, got 1058c0c0
# Mismatch at address 80010da0: expected c0581000, got 58100000
# Mismatch at address 80010da4: expected 001058c0, got 1058c0c0
# Mismatch at address 80010da8: expected c0581000, got 58100000
# Mismatch at address 80010dac: expected 001058c0, got 0058c0c0
# Mismatch at address 80010db0: expected c0581000, got 48581000
# Mismatch at address 80010db4: expected 001058c0, got 1058c078
# Mismatch at address 80010db8: expected 30100200, got 10020000
# Mismatch at address 80010dbc: expected 5858584e, got 58584e30
# Mismatch at address 80010dc0: expected 4e585858, got 58585858
# Mismatch at address 80010dc4: expected 00021030, got 0210304e
# Mismatch at address 80010dc8: expected c0581000, got 58100000
# Mismatch at address 80010dcc: expected 001058c0, got 1058c0c0
# Mismatch at address 80010dd0: expected c0581000, got 58100000
# Mismatch at address 80010dd4: expected 001058c0, got 1058c0c0
# Mismatch at address 80010dd8: expected c0581000, got 58100000
# Mismatch at address 80010ddc: expected 001058c0, got 0058c0c0
# Mismatch at address 80010de0: expected c0581000, got 48581000
# Mismatch at address 80010de4: expected 021058c0, got 1058c078
# Mismatch at address 80010de8: expected 08020202, got 02020202
# Mismatch at address 80010dec: expected 1010100e, got 10100e08
# Mismatch at address 80010df0: expected 0e101010, got 10101010
# Mismatch at address 80010df4: expected 02020208, got 0202080e
# Mismatch at address 80010df8: expected c0581002, got 58100202
# Mismatch at address 80010dfc: expected 001058c0, got 1058c0c0
# Mismatch at address 80010e00: expected c0581000, got 58100000
# Mismatch at address 80010e04: expected 001058c0, got 1058c0c0
# Mismatch at address 80010e08: expected c0581000, got 58100000
# Mismatch at address 80010e0c: expected 001058c0, got 0058c0c0
# Mismatch at address 80010e10: expected c0581000, got 48581000
# Mismatch at address 80010e14: expected 041058c0, got 1058c078
# Mismatch at address 80010e18: expected 00000402, got 00040204
# Match at address 80010e1c: expected 00000000, got 00000000
# Match at address 80010e20: expected 00000000, got 00000000
# Mismatch at address 80010e24: expected 02040000, got 04000000
# Mismatch at address 80010e28: expected c0581004, got 58100402
# Mismatch at address 80010e2c: expected 001058c0, got 1058c0c0
# Mismatch at address 80010e30: expected c0581000, got 58100000
# Mismatch at address 80010e34: expected 001058c0, got 1058c0c0
# Mismatch at address 80010e38: expected c0581000, got 58100000
# Mismatch at address 80010e3c: expected 001058c0, got 0058c0c0
# Mismatch at address 80010e40: expected c0581000, got 48581000
# Mismatch at address 80010e44: expected 041058c0, got 1058c078
# Mismatch at address 80010e48: expected 00000402, got 00040204
# Match at address 80010e4c: expected 00000000, got 00000000
# Match at address 80010e50: expected 00000000, got 00000000
# Mismatch at address 80010e54: expected 02040000, got 04000000
# Mismatch at address 80010e58: expected c0581004, got 58100402
# Mismatch at address 80010e5c: expected 001058c0, got 1058c0c0
# Mismatch at address 80010e60: expected c0581000, got 58100000
# Mismatch at address 80010e64: expected 001058c0, got 1058c0c0
# Mismatch at address 80010e68: expected c0581000, got 58100000
# Mismatch at address 80010e6c: expected 001058c0, got 0058c0c0
# Mismatch at address 80010e70: expected c0581000, got 48581000
# Mismatch at address 80010e74: expected 021058c0, got 1058c078
# Mismatch at address 80010e78: expected 08020202, got 02020202
# Mismatch at address 80010e7c: expected 1010100e, got 10100e08
# Mismatch at address 80010e80: expected 0e101010, got 10101010
# Mismatch at address 80010e84: expected 02020208, got 0202080e
# Mismatch at address 80010e88: expected c0581002, got 58100202
# Mismatch at address 80010e8c: expected 001058c0, got 1058c0c0
# Mismatch at address 80010e90: expected c2581000, got 58100000
# Mismatch at address 80010e94: expected 102066c8, got 2066c8c2
# Mismatch at address 80010e98: expected c8662010, got 66201010
# Mismatch at address 80010e9c: expected 001058c2, got 0058c2c8
# Mismatch at address 80010ea0: expected c0581000, got 48581000
# Mismatch at address 80010ea4: expected 001058c0, got 1058c078
# Mismatch at address 80010ea8: expected 30100200, got 10020000
# Mismatch at address 80010eac: expected 5858584e, got 58584e30
# Mismatch at address 80010eb0: expected 4e585858, got 58585858
# Mismatch at address 80010eb4: expected 00021030, got 0210304e
# Mismatch at address 80010eb8: expected c0581000, got 58100000
# Mismatch at address 80010ebc: expected 001058c0, got 1058c0c0
# Mismatch at address 80010ec0: expected ca581000, got 58100000
# Mismatch at address 80010ec4: expected 5866a0e8, got 66a0e8ca
# Mismatch at address 80010ec8: expected e8a06658, got a0665858
# Mismatch at address 80010ecc: expected 001058ca, got 0058cae8
# Mismatch at address 80010ed0: expected c0581000, got 48581000
# Mismatch at address 80010ed4: expected 001058c0, got 1058c078
# Mismatch at address 80010ed8: expected 80300800, got 30080000
# Mismatch at address 80010edc: expected c0c2cac0, got c2cac080
# Mismatch at address 80010ee0: expected c0cac2c0, got cac2c0c0
# Mismatch at address 80010ee4: expected 00083080, got 083080c0
# Mismatch at address 80010ee8: expected c0581000, got 58100000
# Mismatch at address 80010eec: expected 001058c0, got 1058c0c0
# Mismatch at address 80010ef0: expected c04e0e00, got 4e0e0000
# Mismatch at address 80010ef4: expected c0c8e8ff, got c8e8ffc0
# Mismatch at address 80010ef8: expected ffe8c8c0, got e8c8c0c0
# Mismatch at address 80010efc: expected 000e4ec0, got 004ec0ff
# Mismatch at address 80010f00: expected c0581000, got 48581000
# Mismatch at address 80010f04: expected 001058c0, got 1058c078
# Mismatch at address 80010f08: expected c04e0e00, got 4e0e0000
# Mismatch at address 80010f0c: expected c0c8e8ff, got c8e8ffc0
# Mismatch at address 80010f10: expected ffe8c8c0, got e8c8c0c0
# Mismatch at address 80010f14: expected 000e4ec0, got 0e4ec0ff
# Mismatch at address 80010f18: expected c0581000, got 58100000
# Mismatch at address 80010f1c: expected 001058c0, got 1058c0c0
# Mismatch at address 80010f20: expected 80300800, got 30080000
# Mismatch at address 80010f24: expected c0c2cac0, got c2cac080
# Mismatch at address 80010f28: expected c0cac2c0, got cac2c0c0
# Mismatch at address 80010f2c: expected 00083080, got 003080c0
# Mismatch at address 80010f30: expected c0581000, got 48581000
# Mismatch at address 80010f34: expected 001058c0, got 1058c078
# Mismatch at address 80010f38: expected ca581000, got 58100000
# Mismatch at address 80010f3c: expected 5866a0e8, got 66a0e8ca
# Mismatch at address 80010f40: expected e8a06658, got a0665858
# Mismatch at address 80010f44: expected 001058ca, got 1058cae8
# Mismatch at address 80010f48: expected c0581000, got 58100000
# Mismatch at address 80010f4c: expected 001058c0, got 1058c0c0
# Mismatch at address 80010f50: expected 2e100200, got 10020000
# Mismatch at address 80010f54: expected 48484a46, got 484a462e
# Mismatch at address 80010f58: expected 464a4848, got 4a484848
# Mismatch at address 80010f5c: expected 0002102e, got 00102e46
# Mismatch at address 80010f60: expected c0581000, got 48581000
# Mismatch at address 80010f64: expected 001058c0, got 1058c078
# Mismatch at address 80010f68: expected c2581000, got 58100000
# Mismatch at address 80010f6c: expected 102066c8, got 2066c8c2
# Mismatch at address 80010f70: expected c8662010, got 66201010
# Mismatch at address 80010f74: expected 001058c2, got 1058c2c8
# Mismatch at address 80010f78: expected c0581000, got 58100000
# Mismatch at address 80010f7c: expected 001058c0, got 1058c0c0
# Mismatch at address 80010f80: expected 2e100200, got 10020000
# Mismatch at address 80010f84: expected 48484a46, got 484a462e
# Mismatch at address 80010f88: expected 464a4848, got 4a484848
# Mismatch at address 80010f8c: expected 0002102e, got 00102e46
# Mismatch at address 80010f90: expected c0581000, got 48581000
# Mismatch at address 80010f94: expected 001058c0, got 1058c078
# Mismatch at address 80010f98: expected c0581000, got 58100000
# Mismatch at address 80010f9c: expected 001058c0, got 1058c0c0
# Mismatch at address 80010fa0: expected c0581000, got 58100000
# Mismatch at address 80010fa4: expected 001058c0, got 1058c0c0
# Mismatch at address 80010fa8: expected c0581000, got 58100000
# Mismatch at address 80010fac: expected 001058c0, got 1058c0c0
# Mismatch at address 80010fb0: expected 80300800, got 30080000
# Mismatch at address 80010fb4: expected c0c2cac0, got c2cac080
# Mismatch at address 80010fb8: expected c0cac2c0, got cac2c0c0
# Mismatch at address 80010fbc: expected 00083080, got 003080c0
# Mismatch at address 80010fc0: expected c0581000, got 48581000
# Mismatch at address 80010fc4: expected 001058c0, got 1058c078
# Mismatch at address 80010fc8: expected c0581000, got 58100000
# Mismatch at address 80010fcc: expected 001058c0, got 1058c0c0
# Mismatch at address 80010fd0: expected c0581000, got 58100000
# Mismatch at address 80010fd4: expected 001058c0, got 1058c0c0
# Mismatch at address 80010fd8: expected c0581000, got 58100000
# Mismatch at address 80010fdc: expected 001058c0, got 1058c0c0
# Mismatch at address 80010fe0: expected c04e0e00, got 4e0e0000
# Mismatch at address 80010fe4: expected c0c8e8ff, got c8e8ffc0
# Mismatch at address 80010fe8: expected ffe8c8c0, got e8c8c0c0
# Mismatch at address 80010fec: expected 000e4ec0, got 004ec0ff
# Mismatch at address 80010ff0: expected c0581000, got 48581000
# Mismatch at address 80010ff4: expected 001058c0, got 1058c078
# Mismatch at address 80010ff8: expected c0581000, got 58100000
# Mismatch at address 80010ffc: expected 001058c0, got 1058c0c0
# Match at address 80011000: expected 00000001, got 00000001
# Mismatch at address 80011004: expected 001058c0, got 1058c0c0
# Mismatch at address 80011008: expected c0581000, got 58100000
# Mismatch at address 8001100c: expected 001058c0, got 1058c0c0
# Mismatch at address 80011010: expected ca581000, got 58100000
# Mismatch at address 80011014: expected 5866a0e8, got 66a0e8ca
# Mismatch at address 80011018: expected e8a06658, got a0665858
# Mismatch at address 8001101c: expected 001058ca, got 0058cae8
# Mismatch at address 80011020: expected c0581000, got 48581000
# Mismatch at address 80011024: expected 001058c0, got 1058c078
# Mismatch at address 80011028: expected c0581000, got 58100000
# Mismatch at address 8001102c: expected 001058c0, got 1058c0c0
# Mismatch at address 80011030: expected c0581000, got 58100000
# Mismatch at address 80011034: expected 001058c0, got 1058c0c0
# Mismatch at address 80011038: expected c0581000, got 58100000
# Mismatch at address 8001103c: expected 001058c0, got 1058c0c0
# Mismatch at address 80011040: expected c2581000, got 58100000
# Mismatch at address 80011044: expected 102066c8, got 2066c8c2
# Mismatch at address 80011048: expected c8662010, got 66201010
# Mismatch at address 8001104c: expected 001058c2, got 0058c2c8
# Mismatch at address 80011050: expected c0581000, got 48581000
# Mismatch at address 80011054: expected 001058c0, got 1058c078
# Mismatch at address 80011058: expected c0581000, got 58100000
# Mismatch at address 8001105c: expected 001058c0, got 1058c0c0
# Mismatch at address 80011060: expected c0581000, got 58100000
# Mismatch at address 80011064: expected 001058c0, got 1058c0c0
# Mismatch at address 80011068: expected c0581000, got 58100000
# Mismatch at address 8001106c: expected 001058c0, got 1058c0c0
# Mismatch at address 80011070: expected c0581000, got 58100000
# Mismatch at address 80011074: expected 001058c0, got 1058c0c0
# Mismatch at address 80011078: expected c0581000, got 58100000
# Mismatch at address 8001107c: expected 001058c0, got 0058c0c0
# Mismatch at address 80011080: expected c0581000, got 48581000
# Mismatch at address 80011084: expected 001058c0, got 1058c078
# Mismatch at address 80011088: expected c0581000, got 58100000
# Mismatch at address 8001108c: expected 001058c0, got 1058c0c0
# Mismatch at address 80011090: expected c0581000, got 58100000
# Mismatch at address 80011094: expected 001058c0, got 1058c0c0
# Mismatch at address 80011098: expected c0581000, got 58100000
# Mismatch at address 8001109c: expected 001058c0, got 1058c0c0
# Mismatch at address 800110a0: expected c0581000, got 58100000
# Mismatch at address 800110a4: expected 001058c0, got 1058c0c0
# Mismatch at address 800110a8: expected c0581000, got 58100000
# Mismatch at address 800110ac: expected 001058c0, got 0058c0c0
# Mismatch at address 800110b0: expected c2581000, got 4a581000
# Mismatch at address 800110b4: expected 102066c8, got 2066c87c
# Mismatch at address 800110b8: expected c8662010, got 66201010
# Mismatch at address 800110bc: expected 001058c2, got 1058c2c8
# Mismatch at address 800110c0: expected c2581000, got 58100000
# Mismatch at address 800110c4: expected 102066c8, got 2066c8c2
# Mismatch at address 800110c8: expected c8662010, got 66201010
# Mismatch at address 800110cc: expected 001058c2, got 1058c2c8
# Mismatch at address 800110d0: expected c2581000, got 58100000
# Mismatch at address 800110d4: expected 102066c8, got 2066c8c2
# Mismatch at address 800110d8: expected c8662010, got 66201010
# Mismatch at address 800110dc: expected 001058c2, got 0058c2c8
# Mismatch at address 800110e0: expected ca581000, got 56581000
# Mismatch at address 800110e4: expected 5866a0e8, got 66a0e890
# Mismatch at address 800110e8: expected e8a06658, got a0665858
# Mismatch at address 800110ec: expected 001058ca, got 1058cae8
# Mismatch at address 800110f0: expected ca581000, got 58100000
# Mismatch at address 800110f4: expected 5866a0e8, got 66a0e8ca
# Mismatch at address 800110f8: expected e8a06658, got a0665858
# Mismatch at address 800110fc: expected 001058ca, got 1058cae8
# Mismatch at address 80011100: expected ca581000, got 58100000
# Mismatch at address 80011104: expected 5866a0e8, got 66a0e8ca
# Mismatch at address 80011108: expected e8a06658, got a0665858
# Mismatch at address 8001110c: expected 001058ca, got 0058cae8
# Mismatch at address 80011110: expected c04e0e00, got 5e4e0e00
# Mismatch at address 80011114: expected c0c8e8ff, got c8e8ff9e
# Mismatch at address 80011118: expected ffe8c8c0, got e8c8c0c0
# Mismatch at address 8001111c: expected 000e4ec0, got 0e4ec0ff
# Mismatch at address 80011120: expected c04e0e00, got 4e0e0000
# Mismatch at address 80011124: expected c0c8e8ff, got c8e8ffc0
# Mismatch at address 80011128: expected ffe8c8c0, got e8c8c0c0
# Mismatch at address 8001112c: expected 000e4ec0, got 0e4ec0ff
# Mismatch at address 80011130: expected c04e0e00, got 4e0e0000
# Mismatch at address 80011134: expected c0c8e8ff, got c8e8ffc0
# Mismatch at address 80011138: expected ffe8c8c0, got e8c8c0c0
# Mismatch at address 8001113c: expected 000e4ec0, got 004ec0ff
# Mismatch at address 80011140: expected 80300800, got 44300800
# Mismatch at address 80011144: expected c0c2cac0, got c2cac074
# Mismatch at address 80011148: expected c0cac2c0, got cac2c0c0
# Mismatch at address 8001114c: expected 00083080, got 083080c0
# Mismatch at address 80011150: expected 80300800, got 30080000
# Mismatch at address 80011154: expected c0c2cac0, got c2cac080
# Mismatch at address 80011158: expected c0cac2c0, got cac2c0c0
# Mismatch at address 8001115c: expected 00083080, got 083080c0
# Mismatch at address 80011160: expected 80300800, got 30080000
# Mismatch at address 80011164: expected c0c2cac0, got c2cac080
# Mismatch at address 80011168: expected c0cac2c0, got cac2c0c0
# Mismatch at address 8001116c: expected 00083080, got 003080c0
# Mismatch at address 80011170: expected 30100200, got 1a100200
# Mismatch at address 80011174: expected 5858584e, got 58584e2e
# Mismatch at address 80011178: expected 4e585858, got 58585858
# Mismatch at address 8001117c: expected 00021030, got 0210304e
# Mismatch at address 80011180: expected 30100200, got 10020000
# Mismatch at address 80011184: expected 5858584e, got 58584e30
# Mismatch at address 80011188: expected 4e585858, got 58585858
# Mismatch at address 8001118c: expected 00021030, got 0210304e
# Mismatch at address 80011190: expected 30100200, got 10020000
# Mismatch at address 80011194: expected 5858584e, got 58584e30
# Mismatch at address 80011198: expected 4e585858, got 58585858
# Mismatch at address 8001119c: expected 00021030, got 0010304e
# Mismatch at address 800111a0: expected 08020000, got 04020000
# Mismatch at address 800111a4: expected 1010100e, got 10100e08
# Mismatch at address 800111a8: expected 0e101010, got 10101010
# Mismatch at address 800111ac: expected 00000208, got 0002080e
# Mismatch at address 800111b0: expected 08020000, got 02000000
# Mismatch at address 800111b4: expected 1010100e, got 10100e08
# Mismatch at address 800111b8: expected 0e101010, got 10101010
# Mismatch at address 800111bc: expected 00000208, got 0002080e
# Mismatch at address 800111c0: expected 08020000, got 02000000
# Mismatch at address 800111c4: expected 1010100e, got 10100e08
# Mismatch at address 800111c8: expected 0e101010, got 10101010
# Mismatch at address 800111cc: expected 00000208, got 0002080e
# Match at address 800111d0: expected 00000000, got 00000000
# Match at address 800111d4: expected 00000000, got 00000000
# Match at address 800111d8: expected 00000000, got 00000000
# Match at address 800111dc: expected 00000000, got 00000000
# Match at address 800111e0: expected 00000000, got 00000000
# Match at address 800111e4: expected 00000000, got 00000000
# Match at address 800111e8: expected 00000000, got 00000000
# Match at address 800111ec: expected 00000000, got 00000000
# Match at address 800111f0: expected 00000000, got 00000000
# Match at address 800111f4: expected 00000000, got 00000000
# Match at address 800111f8: expected 00000000, got 00000000
# Match at address 800111fc: expected 00000000, got 00000000
#  FAIL: 519 mismatches
# ** Note: $finish    : ../tb/tb_rv32imp_pipeline.sv(65)
#    Time: 942626 ns  Iteration: 0  Instance: /tb_rv32imp_pipeline
# End time: 12:30:48 on Apr 19,2026, Elapsed time: 0:00:03
# Errors: 0, Warnings: 0
