# vsim -voptargs="+acc" -debugDB -c tb_rv32imp_pipeline -l logs/rv32imp_pipeline.log -do "log -r /*; run -all; quit" 
# Start time: 18:58:44 on Apr 22,2026
# ** Note: (vsim-3812) Design is being optimized...
# ** Note: (vsim-8611) Generating debug db.
# ** Note: (vopt-4301) Memory core inferred for signal 'ram_array' width=32, depth=524288, type=RAM at location ../rtl/data_memory.sv:17
# //  Questa Sim-64
# //  Version 2021.2_1 linux_x86_64 May 15 2021
# //
# //  Copyright 1991-2021 Mentor Graphics Corporation
# //  All Rights Reserved.
# //
# //  QuestaSim and its associated documentation contain trade
# //  secrets and commercial or financial information that are the property of
# //  Mentor Graphics Corporation and are privileged, confidential,
# //  and exempt from disclosure under the Freedom of Information Act,
# //  5 U.S.C. Section 552. Furthermore, this information
# //  is prohibited from disclosure under the Trade Secrets Act,
# //  18 U.S.C. Section 1905.
# //
# Loading sv_std.std
# Loading work.tb_rv32imp_pipeline(fast)
# Loading work.rv32_pkg(fast)
# Loading work.rv32imp_pipeline(fast)
# Loading work.Program_Counter(fast)
# Loading work.Adder(fast)
# Loading work.IMem(fast)
# Loading work.pipe_reg(fast)
# Loading work.Decoder(fast)
# Loading work.Control_Logic(fast)
# Loading work.ImmGen(fast)
# Loading work.RegFile(fast)
# Loading work.pipe_reg(fast__1)
# Loading work.pipe_reg(fast__2)
# Loading work.pipe_reg(fast__3)
# Loading work.pipe_reg(fast__4)
# Loading work.Forwarding_Unit(fast)
# Loading work.Branch_Comparator(fast)
# Loading work.ALU(fast)
# Loading work.ALUP(fast)
# Loading work.Adder_9Bit(fast)
# Loading work.Mac8_Unit(fast)
# Loading work.PC_Selection(fast)
# Loading work.Data_Memory(fast)
# Loading work.Hazard_Detection(fast)
# ** Note: (vsim-8900) Creating design debug database vsim.dbg.
# log -r /*
#  run -all
# =================================
# SOBEL FILTER COMPLETE!
# Total simulation cycles = 196732
# =================================
# Match at address 80011000: expected 00000000, got 00000000
# Match at address 80011004: expected 00000000, got 00000000
# Match at address 80011008: expected 00000000, got 00000000
# Match at address 8001100c: expected 00000000, got 00000000
# Match at address 80011010: expected 00000000, got 00000000
# Match at address 80011014: expected 00000000, got 00000000
# Match at address 80011018: expected 00000000, got 00000000
# Match at address 8001101c: expected 00000000, got 00000000
# Match at address 80011020: expected 00000000, got 00000000
# Match at address 80011024: expected 00000000, got 00000000
# Match at address 80011028: expected 00000000, got 00000000
# Match at address 8001102c: expected 00000000, got 00000000
# Match at address 80011030: expected 00000000, got 00000000
# Match at address 80011034: expected 00000000, got 00000000
# Match at address 80011038: expected 00000000, got 00000000
# Match at address 8001103c: expected 00000000, got 00000000
# Match at address 80011040: expected 08080800, got 08080800
# Match at address 80011044: expected 0e0e0a08, got 0e0e0a08
# Match at address 80011048: expected 0c0c0c0c, got 0c0c0c0c
# Match at address 8001104c: expected 0e0e0c0c, got 0e0e0c0c
# Match at address 80011050: expected 0a0c0c0c, got 0a0c0c0c
# Match at address 80011054: expected 08080a0a, got 08080a0a
# Match at address 80011058: expected 0e0e0a08, got 0e0e0a08
# Match at address 8001105c: expected 080a0c0c, got 080a0c0c
# Match at address 80011060: expected 0c0c0e0c, got 0c0c0e0c
# Match at address 80011064: expected 0a08080a, got 0a08080a
# Match at address 80011068: expected 0c0c0e0e, got 0c0c0e0e
# Match at address 8001106c: expected 0e0e0a0a, got 0e0e0a0a
# Match at address 80011070: expected 080a0c0c, got 080a0c0c
# Match at address 80011074: expected 0c0c0c0a, got 0c0c0c0a
# Match at address 80011078: expected 080a0c0c, got 080a0c0c
# Match at address 8001107c: expected 000a0808, got 000a0808
# Match at address 80011080: expected 0c0c0c00, got 0c0c0c00
# Match at address 80011084: expected 0c0c0c0c, got 0c0c0c0c
# Match at address 80011088: expected 0e0c0c0c, got 0e0c0c0c
# Match at address 8001108c: expected 0e0e0e10, got 0e0e0e10
# Match at address 80011090: expected 10100e0c, got 10100e0c
# Match at address 80011094: expected 0c0c0e10, got 0c0c0e10
# Match at address 80011098: expected 0c0a0a0c, got 0c0a0a0c
# Match at address 8001109c: expected 0c0e0e0c, got 0c0e0e0c
# Match at address 800110a0: expected 0e0e100e, got 0e0e100e
# Match at address 800110a4: expected 08080a0e, got 08080a0e
# Match at address 800110a8: expected 0e0c0c0a, got 0e0c0c0a
# Match at address 800110ac: expected 0c0a0a0e, got 0c0a0a0e
# Match at address 800110b0: expected 0c0e0e0c, got 0c0e0e0c
# Match at address 800110b4: expected 0e10100e, got 0e10100e
# Match at address 800110b8: expected 0c0e0e0c, got 0c0e0e0c
# Match at address 800110bc: expected 000e0c0c, got 000e0c0c
# Match at address 800110c0: expected 0e101200, got 0e101200
# Match at address 800110c4: expected 0c0e0e0c, got 0c0e0e0c
# Match at address 800110c8: expected 0e0c0c0c, got 0e0c0c0c
# Match at address 800110cc: expected 0c0c0c0e, got 0c0c0c0e
# Match at address 800110d0: expected 0e0e0e0c, got 0e0e0e0c
# Match at address 800110d4: expected 0c0c0c0e, got 0c0c0c0e
# Match at address 800110d8: expected 08080a0c, got 08080a0c
# Match at address 800110dc: expected 0c0c0a08, got 0c0c0a08
# Match at address 800110e0: expected 0a0a0a0a, got 0a0a0a0a
# Match at address 800110e4: expected 0a0c0e0e, got 0a0c0e0e
# Match at address 800110e8: expected 0a080808, got 0a080808
# Match at address 800110ec: expected 08080c0e, got 08080c0e
# Match at address 800110f0: expected 0c0c0a08, got 0c0c0a08
# Match at address 800110f4: expected 0e0e0c0c, got 0e0e0c0c
# Match at address 800110f8: expected 0c0c0c0c, got 0c0c0c0c
# Match at address 800110fc: expected 000e0c0c, got 000e0c0c
# Match at address 80011100: expected 12121200, got 12121200
# Match at address 80011104: expected 10101010, got 10101010
# Match at address 80011108: expected 16141210, got 16141210
# Match at address 8001110c: expected 14141416, got 14141416
# Match at address 80011110: expected 12121212, got 12121212
# Match at address 80011114: expected 0c0c0e12, got 0c0c0e12
# Match at address 80011118: expected 080a0c0c, got 080a0c0c
# Match at address 8001111c: expected 0a080808, got 0a080808
# Match at address 80011120: expected 080a0a0a, got 080a0a0a
# Match at address 80011124: expected 0e0e0c0a, got 0e0e0c0a
# Match at address 80011128: expected 0808080a, got 0808080a
# Match at address 8001112c: expected 08080c0c, got 08080c0c
# Match at address 80011130: expected 08080808, got 08080808
# Match at address 80011134: expected 0c0a0808, got 0c0a0808
# Match at address 80011138: expected 08080c0e, got 08080c0e
# Match at address 8001113c: expected 000c0808, got 000c0808
# Match at address 80011140: expected 100e0e00, got 100e0e00
# Match at address 80011144: expected 0c0c0e10, got 0c0c0e10
# Match at address 80011148: expected 12100e0c, got 12100e0c
# Match at address 8001114c: expected 14161a18, got 14161a18
# Match at address 80011150: expected 1a1a1412, got 1a1a1412
# Match at address 80011154: expected 1414181a, got 1414181a
# Match at address 80011158: expected 0c0e1012, got 0c0e1012
# Match at address 8001115c: expected 0a08080a, got 0a08080a
# Match at address 80011160: expected 0c0e0e0c, got 0c0e0e0c
# Match at address 80011164: expected 0e0a080a, got 0e0a080a
# Match at address 80011168: expected 08080a0e, got 08080a0e
# Match at address 8001116c: expected 0c0c0e0c, got 0c0c0e0c
# Match at address 80011170: expected 080a0a0a, got 080a0a0a
# Match at address 80011174: expected 08080808, got 08080808
# Match at address 80011178: expected 080a0e0c, got 080a0e0c
# Match at address 8001117c: expected 000c0808, got 000c0808
# Match at address 80011180: expected 02000200, got 02000200
# Match at address 80011184: expected 04040404, got 04040404
# Match at address 80011188: expected 06040404, got 06040404
# Match at address 8001118c: expected 0e0c0a06, got 0e0c0a06
# Match at address 80011190: expected 1a181612, got 1a181612
# Match at address 80011194: expected 12161a1a, got 12161a1a
# Match at address 80011198: expected 0e1e241c, got 0e1e241c
# Match at address 8001119c: expected 0a0c0c06, got 0a0c0c06
# Match at address 800111a0: expected 0e0c0a08, got 0e0c0a08
# Match at address 800111a4: expected 0a08080c, got 0a08080c
# Match at address 800111a8: expected 080a0e0e, got 080a0e0e
# Match at address 800111ac: expected 0e0c0c0a, got 0e0c0c0a
# Match at address 800111b0: expected 0a0e0c0c, got 0a0e0c0c
# Match at address 800111b4: expected 08080808, got 08080808
# Match at address 800111b8: expected 080c0e0a, got 080c0e0a
# Match at address 800111bc: expected 000a0808, got 000a0808
# Match at address 800111c0: expected 04040400, got 04040400
# Match at address 800111c4: expected 04040404, got 04040404
# Match at address 800111c8: expected 04040404, got 04040404
# Match at address 800111cc: expected 04020606, got 04020606
# Match at address 800111d0: expected 08020406, got 08020406
# Match at address 800111d4: expected bc2c120e, got bc2c120e
# Match at address 800111d8: expected ffffffff, got ffffffff
# Match at address 800111dc: expected 0c1064e4, got 0c1064e4
# Match at address 800111e0: expected 0c0a0c0c, got 0c0a0c0c
# Match at address 800111e4: expected 080a0c0e, got 080a0c0e
# Match at address 800111e8: expected 0c0e0e0a, got 0c0e0e0a
# Match at address 800111ec: expected 0a08080a, got 0a08080a
# Match at address 800111f0: expected 0e0e0a0a, got 0e0e0a0a
# Match at address 800111f4: expected 0808080a, got 0808080a
# Match at address 800111f8: expected 080a0a08, got 080a0a08
# Match at address 800111fc: expected 00080808, got 00080808
# Match at address 80011200: expected 0e0e0c00, got 0e0e0c00
# Match at address 80011204: expected 0c0c0c0c, got 0c0c0c0c
# Match at address 80011208: expected 0808080a, got 0808080a
# Match at address 8001120c: expected 02040406, got 02040406
# Match at address 80011210: expected 080a0806, got 080a0806
# Match at address 80011214: expected ffff680c, got ffff680c
# Match at address 80011218: expected ffffffff, got ffffffff
# Match at address 8001121c: expected 42ffffff, got 42ffffff
# Match at address 80011220: expected 0a0c0e0c, got 0a0c0e0c
# Match at address 80011224: expected 0c0e0e0c, got 0c0e0e0c
# Match at address 80011228: expected 0e0c0a0a, got 0e0c0a0a
# Match at address 8001122c: expected 0c0c0c0e, got 0c0c0c0e
# Match at address 80011230: expected 0e0a080a, got 0e0a080a
# Match at address 80011234: expected 08080a0e, got 08080a0e
# Match at address 80011238: expected 080a0c0a, got 080a0c0a
# Match at address 8001123c: expected 00080808, got 00080808
# Match at address 80011240: expected 0c0a0800, got 0c0a0800
# Match at address 80011244: expected 0e0c0c0c, got 0e0c0c0c
# Match at address 80011248: expected 0c0c0c0e, got 0c0c0c0e
# Match at address 8001124c: expected 0a0a0c0e, got 0a0a0c0e
# Match at address 80011250: expected 02060808, got 02060808
# Match at address 80011254: expected ffffff5e, got ffffff5e
# Match at address 80011258: expected ffffffff, got ffffffff
# Match at address 8001125c: expected ffffffff, got ffffffff
# Match at address 80011260: expected 0c0e0650, got 0c0e0650
# Match at address 80011264: expected 0c0c0a0a, got 0c0c0a0a
# Match at address 80011268: expected 0a08080a, got 0a08080a
# Match at address 8001126c: expected 0c0c0c0c, got 0c0c0c0c
# Match at address 80011270: expected 0a08080a, got 0a08080a
# Match at address 80011274: expected 080a0e0e, got 080a0e0e
# Match at address 80011278: expected 0a0e0e0a, got 0a0e0e0a
# Match at address 8001127c: expected 000a0808, got 000a0808
# Match at address 80011280: expected 08080a00, got 08080a00
# Match at address 80011284: expected 0a080808, got 0a080808
# Match at address 80011288: expected 0a0c0c0c, got 0a0c0c0c
# Match at address 8001128c: expected 0c0a0a0a, got 0c0a0a0a
# Match at address 80011290: expected 260e0c0c, got 260e0c0c
# Match at address 80011294: expected ffffffff, got ffffffff
# Match at address 80011298: expected 2a4a3444, got 2a4a3444
# Match at address 8001129c: expected ffffff9a, got ffffff9a
# Match at address 800112a0: expected 0e0a4cff, got 0e0a4cff
# Match at address 800112a4: expected 0c0a080c, got 0c0a080c
# Match at address 800112a8: expected 0808080a, got 0808080a
# Match at address 800112ac: expected 08080808, got 08080808
# Match at address 800112b0: expected 08080808, got 08080808
# Match at address 800112b4: expected 080a0c0a, got 080a0c0a
# Match at address 800112b8: expected 0a0c0a08, got 0a0c0a08
# Match at address 800112bc: expected 000a0808, got 000a0808
# Match at address 800112c0: expected 0c0c0e00, got 0c0c0e00
# Match at address 800112c4: expected 0808080a, got 0808080a
# Match at address 800112c8: expected 080a0808, got 080a0808
# Match at address 800112cc: expected 08080806, got 08080806
# Match at address 800112d0: expected f6180808, got f6180808
# Match at address 800112d4: expected 7effffff, got 7effffff
# Match at address 800112d8: expected 943a1a38, got 943a1a38
# Match at address 800112dc: expected ffff3c8c, got ffff3c8c
# Match at address 800112e0: expected 0830ffff, got 0830ffff
# Match at address 800112e4: expected 0e0a080a, got 0e0a080a
# Match at address 800112e8: expected 0808080c, got 0808080c
# Match at address 800112ec: expected 0c0c0a08, got 0c0c0a08
# Match at address 800112f0: expected 08080a0c, got 08080a0c
# Match at address 800112f4: expected 080a0c0a, got 080a0c0a
# Match at address 800112f8: expected 08080808, got 08080808
# Match at address 800112fc: expected 00060808, got 00060808
# Match at address 80011300: expected 0e0c0c00, got 0e0c0c00
# Match at address 80011304: expected 0808080c, got 0808080c
# Match at address 80011308: expected 0c0c0808, got 0c0c0808
# Match at address 8001130c: expected 08080808, got 08080808
# Match at address 80011310: expected ffff9e10, got ffff9e10
# Match at address 80011314: expected 9266ffff, got 9266ffff
# Match at address 80011318: expected 403a6c96, got 403a6c96
# Match at address 8001131c: expected ff5c54a6, got ff5c54a6
# Match at address 80011320: expected 04d8ffff, got 04d8ffff
# Match at address 80011324: expected 0a080808, got 0a080808
# Match at address 80011328: expected 0808080a, got 0808080a
# Match at address 8001132c: expected 0c0c0a08, got 0c0c0a08
# Match at address 80011330: expected 080a0e0e, got 080a0e0e
# Match at address 80011334: expected 0a0e0e0a, got 0a0e0e0a
# Match at address 80011338: expected 0c0c0c0a, got 0c0c0c0a
# Match at address 8001133c: expected 000a0a0a, got 000a0a0a
# Match at address 80011340: expected 08040400, got 08040400
# Match at address 80011344: expected 0606080a, got 0606080a
# Match at address 80011348: expected 0e0c0808, got 0e0c0808
# Match at address 8001134c: expected 2406080a, got 2406080a
# Match at address 80011350: expected ffffffff, got ffffffff
# Match at address 80011354: expected 6636ffff, got 6636ffff
# Match at address 80011358: expected 3aa8a48e, got 3aa8a48e
# Match at address 8001135c: expected 642a506e, got 642a506e
# Match at address 80011360: expected 1affffff, got 1affffff
# Match at address 80011364: expected 0c0a0808, got 0c0a0808
# Match at address 80011368: expected 0808080a, got 0808080a
# Match at address 8001136c: expected 08080808, got 08080808
# Match at address 80011370: expected 0c0a0c0a, got 0c0a0c0a
# Match at address 80011374: expected 0e1c1c1a, got 0e1c1c1a
# Match at address 80011378: expected 0e0c0c0c, got 0e0c0c0c
# Match at address 8001137c: expected 000e0e0e, got 000e0e0e
# Match at address 80011380: expected 0a080800, got 0a080800
# Match at address 80011384: expected 080a0a0a, got 080a0a0a
# Match at address 80011388: expected 0c0a080a, got 0c0a080a
# Match at address 8001138c: expected ffff9e36, got ffff9e36
# Match at address 80011390: expected ffffffff, got ffffffff
# Match at address 80011394: expected 2e1e40d0, got 2e1e40d0
# Match at address 80011398: expected 68b66216, got 68b66216
# Match at address 8001139c: expected 2a3c5c52, got 2a3c5c52
# Match at address 800113a0: expected 2cffffff, got 2cffffff
# Match at address 800113a4: expected 0e0a080a, got 0e0a080a
# Match at address 800113a8: expected 0a0c0c0e, got 0a0c0c0e
# Match at address 800113ac: expected 08080808, got 08080808
# Match at address 800113b0: expected 10080a0a, got 10080a0a
# Match at address 800113b4: expected 123c303a, got 123c303a
# Match at address 800113b8: expected 0a080a0e, got 0a080a0e
# Match at address 800113bc: expected 000a0c0c, got 000a0c0c
# Match at address 800113c0: expected 0e0c0c00, got 0e0c0c00
# Match at address 800113c4: expected 0c0e0c0e, got 0c0e0c0e
# Match at address 800113c8: expected ff680c0a, got ff680c0a
# Match at address 800113cc: expected ffffffff, got ffffffff
# Match at address 800113d0: expected 5adcffff, got 5adcffff
# Match at address 800113d4: expected f4ff683a, got f4ff683a
# Match at address 800113d8: expected ffd220ec, got ffd220ec
# Match at address 800113dc: expected f6ffffff, got f6ffffff
# Match at address 800113e0: expected 32ffffff, got 32ffffff
# Match at address 800113e4: expected 0808080a, got 0808080a
# Match at address 800113e8: expected 0e0e0c08, got 0e0e0c08
# Match at address 800113ec: expected 0808080a, got 0808080a
# Match at address 800113f0: expected 1a080a0a, got 1a080a0a
# Match at address 800113f4: expected 10361842, got 10361842
# Match at address 800113f8: expected 08080a0c, got 08080a0c
# Match at address 800113fc: expected 00060808, got 00060808
# Match at address 80011400: expected 0a0a0c00, got 0a0a0c00
# Match at address 80011404: expected 0e0e0e0e, got 0e0e0e0e
# Match at address 80011408: expected ffffff3e, got ffffff3e
# Match at address 8001140c: expected ffffffff, got ffffffff
# Match at address 80011410: expected 483884ff, got 483884ff
# Match at address 80011414: expected ffffe426, got ffffe426
# Match at address 80011418: expected ffffd8ff, got ffffd8ff
# Match at address 8001141c: expected ffffffff, got ffffffff
# Match at address 80011420: expected 5cffffff, got 5cffffff
# Match at address 80011424: expected 706c5840, got 706c5840
# Match at address 80011428: expected 0e083470, got 0e083470
# Match at address 8001142c: expected 0a080a0e, got 0a080a0e
# Match at address 80011430: expected 3e0a080a, got 3e0a080a
# Match at address 80011434: expected 0e323858, got 0e323858
# Match at address 80011438: expected 08080808, got 08080808
# Match at address 8001143c: expected 00080a08, got 00080a08
# Match at address 80011440: expected 0c0e0e00, got 0c0e0e00
# Match at address 80011444: expected 4c10100e, got 4c10100e
# Match at address 80011448: expected ffffffff, got ffffffff
# Match at address 8001144c: expected 426ce6ff, got 426ce6ff
# Match at address 80011450: expected 52261c1c, got 52261c1c
# Match at address 80011454: expected daffe26a, got daffe26a
# Match at address 80011458: expected ffffffff, got ffffffff
# Match at address 8001145c: expected e0fa685c, got e0fa685c
# Match at address 80011460: expected ecffffff, got ecffffff
# Match at address 80011464: expected c8884236, got c8884236
# Match at address 80011468: expected 0a0a9cff, got 0a0a9cff
# Match at address 8001146c: expected 0c080c0e, got 0c080c0e
# Match at address 80011470: expected 520e0c0e, got 520e0c0e
# Match at address 80011474: expected 10445a58, got 10445a58
# Match at address 80011478: expected 08060608, got 08060608
# Match at address 8001147c: expected 000c0c08, got 000c0c08
# Match at address 80011480: expected 0c0c0a00, got 0c0c0a00
# Match at address 80011484: expected ff280c0c, got ff280c0c
# Match at address 80011488: expected c6ffffff, got c6ffffff
# Match at address 8001148c: expected 1e161840, got 1e161840
# Match at address 80011490: expected c60a2618, got c60a2618
# Match at address 80011494: expected ffffcefc, got ffffcefc
# Match at address 80011498: expected c8ffb0f4, got c8ffb0f4
# Match at address 8001149c: expected ffffe4ff, got ffffe4ff
# Match at address 800114a0: expected bed4bcee, got bed4bcee
# Match at address 800114a4: expected 908e4438, got 908e4438
# Match at address 800114a8: expected 040ab4da, got 040ab4da
# Match at address 800114ac: expected 0a080a08, got 0a080a08
# Match at address 800114b0: expected 46100e0e, got 46100e0e
# Match at address 800114b4: expected 0c404044, got 0c404044
# Match at address 800114b8: expected 08040204, got 08040204
# Match at address 800114bc: expected 000a0806, got 000a0806
# Match at address 800114c0: expected 04040400, got 04040400
# Match at address 800114c4: expected fffa0c04, got fffa0c04
# Match at address 800114c8: expected 1e68ffff, got 1e68ffff
# Match at address 800114cc: expected 200a0816, got 200a0816
# Match at address 800114d0: expected fa122408, got fa122408
# Match at address 800114d4: expected ff70ffff, got ff70ffff
# Match at address 800114d8: expected 9ed85a74, got 9ed85a74
# Match at address 800114dc: expected ffffff8e, got ffffff8e
# Match at address 800114e0: expected 78ffffff, got 78ffffff
# Match at address 800114e4: expected 42dc8e60, got 42dc8e60
# Match at address 800114e8: expected 060cc0ff, got 060cc0ff
# Match at address 800114ec: expected 0c0e0c04, got 0c0e0c04
# Match at address 800114f0: expected 40100a0a, got 40100a0a
# Match at address 800114f4: expected 14423a40, got 14423a40
# Match at address 800114f8: expected 060e1216, got 060e1216
# Match at address 800114fc: expected 000a0a0a, got 000a0a0a
# Match at address 80011500: expected 02020400, got 02020400
# Match at address 80011504: expected ffff3a08, got ffff3a08
# Match at address 80011508: expected 123896ff, got 123896ff
# Match at address 8001150c: expected 180c0c12, got 180c0c12
# Match at address 80011510: expected ff101606, got ff101606
# Match at address 80011514: expected 20ffdcff, got 20ffdcff
# Match at address 80011518: expected ffeabce2, got ffeabce2
# Match at address 8001151c: expected aaff8aac, got aaff8aac
# Match at address 80011520: expected b8ffffff, got b8ffffff
# Match at address 80011524: expected d4fac2a8, got d4fac2a8
# Match at address 80011528: expected 4832ffff, got 4832ffff
# Match at address 8001152c: expected 20182046, got 20182046
# Match at address 80011530: expected 3e0e0610, got 3e0e0610
# Match at address 80011534: expected 3442363e, got 3442363e
# Match at address 80011538: expected 2e64565c, got 2e64565c
# Match at address 8001153c: expected 000e0a08, got 000e0a08
# Match at address 80011540: expected 6a686000, got 6a686000
# Match at address 80011544: expected ffffd236, got ffffd236
# Match at address 80011548: expected 2e3a2cff, got 2e3a2cff
# Match at address 8001154c: expected 18141414, got 18141414
# Match at address 80011550: expected 8e081004, got 8e081004
# Match at address 80011554: expected ffffffff, got ffffffff
# Match at address 80011558: expected ffffffb2, got ffffffb2
# Match at address 8001155c: expected 80eeceff, got 80eeceff
# Match at address 80011560: expected ffff7aff, got ffff7aff
# Match at address 80011564: expected fffff6ff, got fffff6ff
# Match at address 80011568: expected 90b4ffff, got 90b4ffff
# Match at address 8001156c: expected 4234529c, got 4234529c
# Match at address 80011570: expected 38060e30, got 38060e30
# Match at address 80011574: expected 583a343e, got 583a343e
# Match at address 80011578: expected e2aa6e8a, got e2aa6e8a
# Match at address 8001157c: expected 002286e2, got 002286e2
# Match at address 80011580: expected ffffff00, got ffffff00
# Match at address 80011584: expected ffffffff, got ffffffff
# Match at address 80011588: expected 34282642, got 34282642
# Match at address 8001158c: expected 1012101a, got 1012101a
# Match at address 80011590: expected 3e221e14, got 3e221e14
# Match at address 80011594: expected ffeeffff, got ffeeffff
# Match at address 80011598: expected fffffc5e, got fffffc5e
# Match at address 8001159c: expected 86ffffff, got 86ffffff
# Match at address 800115a0: expected ffffffff, got ffffffff
# Match at address 800115a4: expected ffffffff, got ffffffff
# Match at address 800115a8: expected acffffff, got acffffff
# Match at address 800115ac: expected 1c107ad6, got 1c107ad6
# Match at address 800115b0: expected 38243a3c, got 38243a3c
# Match at address 800115b4: expected 6a6aaa84, got 6a6aaa84
# Match at address 800115b8: expected ffff988e, got ffff988e
# Match at address 800115bc: expected 00f6ffff, got 00f6ffff
# Match at address 800115c0: expected ffbcff00, got ffbcff00
# Match at address 800115c4: expected ffffffff, got ffffffff
# Match at address 800115c8: expected 221a0c14, got 221a0c14
# Match at address 800115cc: expected 0e180c1e, got 0e180c1e
# Match at address 800115d0: expected 1e1c0c12, got 1e1c0c12
# Match at address 800115d4: expected ff82ffff, got ff82ffff
# Match at address 800115d8: expected ffff8aff, got ffff8aff
# Match at address 800115dc: expected fffffff8, got fffffff8
# Match at address 800115e0: expected ffffffff, got ffffffff
# Match at address 800115e4: expected ffffffff, got ffffffff
# Match at address 800115e8: expected ffffffff, got ffffffff
# Match at address 800115ec: expected 564e70ff, got 564e70ff
# Match at address 800115f0: expected fff49c64, got fff49c64
# Match at address 800115f4: expected 70ffffff, got 70ffffff
# Match at address 800115f8: expected 3a929a9a, got 3a929a9a
# Match at address 800115fc: expected 00ffee6e, got 00ffee6e
# Match at address 80011600: expected 8c342a00, got 8c342a00
# Match at address 80011604: expected 30ffffff, got 30ffffff
# Match at address 80011608: expected 22100a0a, got 22100a0a
# Match at address 8001160c: expected 161a0c1a, got 161a0c1a
# Match at address 80011610: expected 0a160e1a, got 0a160e1a
# Match at address 80011614: expected fff8ffb6, got fff8ffb6
# Match at address 80011618: expected e86a1eff, got e86a1eff
# Match at address 8001161c: expected f2ffffc8, got f2ffffc8
# Match at address 80011620: expected a0ffffe2, got a0ffffe2
# Match at address 80011624: expected 22486a64, got 22486a64
# Match at address 80011628: expected fff6ffff, got fff6ffff
# Match at address 8001162c: expected ffffffff, got ffffffff
# Match at address 80011630: expected ffffffff, got ffffffff
# Match at address 80011634: expected beffffff, got beffffff
# Match at address 80011638: expected ffeca648, got ffeca648
# Match at address 8001163c: expected 001c9eff, got 001c9eff
# Match at address 80011640: expected ff122400, got ff122400
# Match at address 80011644: expected 0e3effff, got 0e3effff
# Match at address 80011648: expected 18080410, got 18080410
# Match at address 8001164c: expected 1a181224, got 1a181224
# Match at address 80011650: expected 0e26341a, got 0e26341a
# Match at address 80011654: expected ffffff88, got ffffff88
# Match at address 80011658: expected 54664eff, got 54664eff
# Match at address 8001165c: expected caffff42, got caffff42
# Match at address 80011660: expected 62ffffff, got 62ffffff
# Match at address 80011664: expected 6a5a7c5e, got 6a5a7c5e
# Match at address 80011668: expected ff84ffff, got ff84ffff
# Match at address 8001166c: expected ffffffff, got ffffffff
# Match at address 80011670: expected c2b8ffff, got c2b8ffff
# Match at address 80011674: expected fffff6d4, got fffff6d4
# Match at address 80011678: expected 88866430, got 88866430
# Match at address 8001167c: expected 00a0b084, got 00a0b084
# Match at address 80011680: expected ffffbc00, got ffffbc00
# Match at address 80011684: expected 1c0ab6ff, got 1c0ab6ff
# Match at address 80011688: expected 0e141216, got 0e141216
# Match at address 8001168c: expected 1a182418, got 1a182418
# Match at address 80011690: expected 2c3a2810, got 2c3a2810
# Match at address 80011694: expected ffffff42, got ffffff42
# Match at address 80011698: expected 16161e74, got 16161e74
# Match at address 8001169c: expected fffff832, got fffff832
# Match at address 800116a0: expected 92ffffff, got 92ffffff
# Match at address 800116a4: expected a02a4e74, got a02a4e74
# Match at address 800116a8: expected a0c0a8ff, got a0c0a8ff
# Match at address 800116ac: expected 9a746ee8, got 9a746ee8
# Match at address 800116b0: expected a8382e6a, got a8382e6a
# Match at address 800116b4: expected fffffffc, got fffffffc
# Match at address 800116b8: expected 6a36a0ff, got 6a36a0ff
# Match at address 800116bc: expected 00fff0b0, got 00fff0b0
# Match at address 800116c0: expected ffffff00, got ffffff00
# Match at address 800116c4: expected 141034ff, got 141034ff
# Match at address 800116c8: expected 18060a0c, got 18060a0c
# Match at address 800116cc: expected 16201416, got 16201416
# Match at address 800116d0: expected 4e280c0c, got 4e280c0c
# Match at address 800116d4: expected 50427258, got 50427258
# Match at address 800116d8: expected 4e1c1204, got 4e1c1204
# Match at address 800116dc: expected acffff8e, got acffff8e
# Match at address 800116e0: expected ff48ffff, got ff48ffff
# Match at address 800116e4: expected be2ed6ff, got be2ed6ff
# Match at address 800116e8: expected 74722ad0, got 74722ad0
# Match at address 800116ec: expected 32262098, got 32262098
# Match at address 800116f0: expected 80485a82, got 80485a82
# Match at address 800116f4: expected a2dae0e2, got a2dae0e2
# Match at address 800116f8: expected dcb2ffff, got dcb2ffff
# Match at address 800116fc: expected 009e96b4, got 009e96b4
# Match at address 80011700: expected ffff8c00, got ffff8c00
# Match at address 80011704: expected 1e1616a2, got 1e1616a2
# Match at address 80011708: expected 0804020c, got 0804020c
# Match at address 8001170c: expected 0c0c2826, got 0c0c2826
# Match at address 80011710: expected 241e1006, got 241e1006
# Match at address 80011714: expected 2426686a, got 2426686a
# Match at address 80011718: expected a8401a22, got a8401a22
# Match at address 8001171c: expected 9cffffd4, got 9cffffd4
# Match at address 80011720: expected ff0cffff, got ff0cffff
# Match at address 80011724: expected ffffffff, got ffffffff
# Match at address 80011728: expected e2ffffff, got e2ffffff
# Match at address 8001172c: expected 967c76f8, got 967c76f8
# Match at address 80011730: expected 8a8c58d0, got 8a8c58d0
# Match at address 80011734: expected badef4c6, got badef4c6
# Match at address 80011738: expected a4a09a7c, got a4a09a7c
# Match at address 8001173c: expected 005a3858, got 005a3858
# Match at address 80011740: expected e0ffff00, got e0ffff00
# Match at address 80011744: expected 200c1a22, got 200c1a22
# Match at address 80011748: expected 04040a12, got 04040a12
# Match at address 8001174c: expected 1a0c320e, got 1a0c320e
# Match at address 80011750: expected 26322a16, got 26322a16
# Match at address 80011754: expected 462e5628, got 462e5628
# Match at address 80011758: expected b8782e4e, got b8782e4e
# Match at address 8001175c: expected ffffbe8a, got ffffbe8a
# Match at address 80011760: expected ffe0c8ff, got ffe0c8ff
# Match at address 80011764: expected ffffb8ff, got ffffb8ff
# Match at address 80011768: expected ffffffff, got ffffffff
# Match at address 8001176c: expected c2bcb2ff, got c2bcb2ff
# Match at address 80011770: expected 525a2a9e, got 525a2a9e
# Match at address 80011774: expected 0c101c4a, got 0c101c4a
# Match at address 80011778: expected 20321a08, got 20321a08
# Match at address 8001177c: expected 002c242c, got 002c242c
# Match at address 80011780: expected 5affff00, got 5affff00
# Match at address 80011784: expected 1812281a, got 1812281a
# Match at address 80011788: expected 02040a0c, got 02040a0c
# Match at address 8001178c: expected 2a10220e, got 2a10220e
# Match at address 80011790: expected 0a162222, got 0a162222
# Match at address 80011794: expected 6638320c, got 6638320c
# Match at address 80011798: expected 66885670, got 66885670
# Match at address 8001179c: expected ffff623c, got ffff623c
# Match at address 800117a0: expected ffffc6ff, got ffffc6ff
# Match at address 800117a4: expected f8ffaece, got f8ffaece
# Match at address 800117a8: expected 7cccb6d8, got 7cccb6d8
# Match at address 800117ac: expected 4a484850, got 4a484850
# Match at address 800117b0: expected 34383240, got 34383240
# Match at address 800117b4: expected 262a2a30, got 262a2a30
# Match at address 800117b8: expected 403c2a24, got 403c2a24
# Match at address 800117bc: expected 003e363e, got 003e363e
# Match at address 800117c0: expected 3e96ff00, got 3e96ff00
# Match at address 800117c4: expected 14163a12, got 14163a12
# Match at address 800117c8: expected 04060c12, got 04060c12
# Match at address 800117cc: expected 16161a10, got 16161a10
# Match at address 800117d0: expected 0a040c12, got 0a040c12
# Match at address 800117d4: expected 6c341406, got 6c341406
# Match at address 800117d8: expected 30325658, got 30325658
# Match at address 800117dc: expected 70642052, got 70642052
# Match at address 800117e0: expected c6ffff52, got c6ffff52
# Match at address 800117e4: expected 4affd67a, got 4affd67a
# Match at address 800117e8: expected 24565646, got 24565646
# Match at address 800117ec: expected 1c1a1608, got 1c1a1608
# Match at address 800117f0: expected 2c28241e, got 2c28241e
# Match at address 800117f4: expected 1e1e2028, got 1e1e2028
# Match at address 800117f8: expected 26242220, got 26242220
# Match at address 800117fc: expected 00302e28, got 00302e28
# Match at address 80011800: expected 422ece00, got 422ece00
# Match at address 80011804: expected 123a5c1a, got 123a5c1a
# Match at address 80011808: expected 0c0c0e10, got 0c0c0e10
# Match at address 8001180c: expected 0c161e18, got 0c161e18
# Match at address 80011810: expected 06062214, got 06062214
# Match at address 80011814: expected 6c361608, got 6c361608
# Match at address 80011818: expected 1e1e3216, got 1e1e3216
# Match at address 8001181c: expected 18305236, got 18305236
# Match at address 80011820: expected fffff212, got fffff212
# Match at address 80011824: expected 20ffd276, got 20ffd276
# Match at address 80011828: expected 14140e0e, got 14140e0e
# Match at address 8001182c: expected 0c0c1418, got 0c0c1418
# Match at address 80011830: expected 18141410, got 18141410
# Match at address 80011834: expected 0a0c1016, got 0a0c1016
# Match at address 80011838: expected 0a0e0e0a, got 0a0e0e0a
# Match at address 8001183c: expected 00060408, got 00060408
# Match at address 80011840: expected 54363400, got 54363400
# Match at address 80011844: expected 26544c2a, got 26544c2a
# Match at address 80011848: expected 140e0a0e, got 140e0a0e
# Match at address 8001184c: expected 180e0e06, got 180e0e06
# Match at address 80011850: expected 0818260c, got 0818260c
# Match at address 80011854: expected 6e1a160e, got 6e1a160e
# Match at address 80011858: expected 140e4258, got 140e4258
# Match at address 8001185c: expected 1a2a3412, got 1a2a3412
# Match at address 80011860: expected ffff3a22, got ffff3a22
# Match at address 80011864: expected 36ff7ac8, got 36ff7ac8
# Match at address 80011868: expected 0c0c0a08, got 0c0c0a08
# Match at address 8001186c: expected 04020208, got 04020208
# Match at address 80011870: expected 0c06100e, got 0c06100e
# Match at address 80011874: expected 12100c0a, got 12100c0a
# Match at address 80011878: expected 10121212, got 10121212
# Match at address 8001187c: expected 00161816, got 00161816
# Match at address 80011880: expected 543a0e00, got 543a0e00
# Match at address 80011884: expected 2c4a2822, got 2c4a2822
# Match at address 80011888: expected 10040a12, got 10040a12
# Match at address 8001188c: expected 0e0c0a0e, got 0e0c0a0e
# Match at address 80011890: expected 0a1e141c, got 0a1e141c
# Match at address 80011894: expected 2e0e200e, got 2e0e200e
# Match at address 80011898: expected 261e1630, got 261e1630
# Match at address 8001189c: expected 1a161c10, got 1a161c10
# Match at address 800118a0: expected ff680a24, got ff680a24
# Match at address 800118a4: expected 48ffffff, got 48ffffff
# Match at address 800118a8: expected 06020a0e, got 06020a0e
# Match at address 800118ac: expected 0602040a, got 0602040a
# Match at address 800118b0: expected 0c08080c, got 0c08080c
# Match at address 800118b4: expected 04020402, got 04020402
# Match at address 800118b8: expected 08080202, got 08080202
# Match at address 800118bc: expected 00020408, got 00020408
# Match at address 800118c0: expected 4e3e0c00, got 4e3e0c00
# Match at address 800118c4: expected 4c4e1816, got 4c4e1816
# Match at address 800118c8: expected 0804081e, got 0804081e
# Match at address 800118cc: expected 0e0e0c08, got 0e0e0c08
# Match at address 800118d0: expected 16180a18, got 16180a18
# Match at address 800118d4: expected 341c222a, got 341c222a
# Match at address 800118d8: expected 2c3c2806, got 2c3c2806
# Match at address 800118dc: expected 28261618, got 28261618
# Match at address 800118e0: expected fffe3c18, got fffe3c18
# Match at address 800118e4: expected 1698f4ff, got 1698f4ff
# Match at address 800118e8: expected 10100e08, got 10100e08
# Match at address 800118ec: expected 0604080a, got 0604080a
# Match at address 800118f0: expected 0a060e0a, got 0a060e0a
# Match at address 800118f4: expected 0c080604, got 0c080604
# Match at address 800118f8: expected 1a100a0a, got 1a100a0a
# Match at address 800118fc: expected 002c2824, got 002c2824
# Match at address 80011900: expected 4c501600, got 4c501600
# Match at address 80011904: expected 5a3e0a12, got 5a3e0a12
# Match at address 80011908: expected 060a1838, got 060a1838
# Match at address 8001190c: expected 18161008, got 18161008
# Match at address 80011910: expected 3c220c16, got 3c220c16
# Match at address 80011914: expected 20565046, got 20565046
# Match at address 80011918: expected ffffffb2, got ffffffb2
# Match at address 8001191c: expected 182e1650, got 182e1650
# Match at address 80011920: expected ffffff5e, got ffffff5e
# Match at address 80011924: expected 541a58ff, got 541a58ff
# Match at address 80011928: expected 266c8a9c, got 266c8a9c
# Match at address 8001192c: expected 161a1612, got 161a1612
# Match at address 80011930: expected 10181814, got 10181814
# Match at address 80011934: expected 10120c0c, got 10120c0c
# Match at address 80011938: expected 1a18140e, got 1a18140e
# Match at address 8001193c: expected 001e1618, got 001e1618
# Match at address 80011940: expected 404e2400, got 404e2400
# Match at address 80011944: expected 50240610, got 50240610
# Match at address 80011948: expected 020c264a, got 020c264a
# Match at address 8001194c: expected 22140c08, got 22140c08
# Match at address 80011950: expected 64524234, got 64524234
# Match at address 80011954: expected 7450626c, got 7450626c
# Match at address 80011958: expected ffffffff, got ffffffff
# Match at address 8001195c: expected f68effff, got f68effff
# Match at address 80011960: expected ffffffff, got ffffffff
# Match at address 80011964: expected ff865670, got ff865670
# Match at address 80011968: expected 3ebee2ff, got 3ebee2ff
# Match at address 8001196c: expected 12161010, got 12161010
# Match at address 80011970: expected 141a1614, got 141a1614
# Match at address 80011974: expected 1016161a, got 1016161a
# Match at address 80011978: expected 12161810, got 12161810
# Match at address 8001197c: expected 00140606, got 00140606
# Match at address 80011980: expected 3a3e1a00, got 3a3e1a00
# Match at address 80011984: expected 360e020e, got 360e020e
# Match at address 80011988: expected 1c264454, got 1c264454
# Match at address 8001198c: expected 502e2426, got 502e2426
# Match at address 80011990: expected 2e405862, got 2e405862
# Match at address 80011994: expected ff7a360c, got ff7a360c
# Match at address 80011998: expected fff6ffff, got fff6ffff
# Match at address 8001199c: expected ffffffff, got ffffffff
# Match at address 800119a0: expected fc6cffff, got fc6cffff
# Match at address 800119a4: expected b8ffffff, got b8ffffff
# Match at address 800119a8: expected 2cacc82a, got 2cacc82a
# Match at address 800119ac: expected 040c0606, got 040c0606
# Match at address 800119b0: expected 12020a06, got 12020a06
# Match at address 800119b4: expected 0c0c121c, got 0c0c121c
# Match at address 800119b8: expected 0608100e, got 0608100e
# Match at address 800119bc: expected 000a100a, got 000a100a
# Match at address 800119c0: expected 4c4e2200, got 4c4e2200
# Match at address 800119c4: expected 16020014, got 16020014
# Match at address 800119c8: expected 48505a42, got 48505a42
# Match at address 800119cc: expected 5e504c4e, got 5e504c4e
# Match at address 800119d0: expected 5810264c, got 5810264c
# Match at address 800119d4: expected ffff726c, got ffff726c
# Match at address 800119d8: expected 6016ffff, got 6016ffff
# Match at address 800119dc: expected ffffffff, got ffffffff
# Match at address 800119e0: expected ffff38ff, got ffff38ff
# Match at address 800119e4: expected d6f0ffff, got d6f0ffff
# Match at address 800119e8: expected 1c68c8ff, got 1c68c8ff
# Match at address 800119ec: expected 0e0c0404, got 0e0c0404
# Match at address 800119f0: expected 1c101612, got 1c101612
# Match at address 800119f4: expected 0a0e1416, got 0a0e1416
# Match at address 800119f8: expected 060a0a04, got 060a0a04
# Match at address 800119fc: expected 001c100a, got 001c100a
# Match at address 80011a00: expected 624e1a00, got 624e1a00
# Match at address 80011a04: expected 04000226, got 04000226
# Match at address 80011a08: expected 34322c16, got 34322c16
# Match at address 80011a0c: expected 222a3036, got 222a3036
# Match at address 80011a10: expected 6a30020c, got 6a30020c
# Match at address 80011a14: expected ffffaa56, got ffffaa56
# Match at address 80011a18: expected 0a024aff, got 0a024aff
# Match at address 80011a1c: expected 28504012, got 28504012
# Match at address 80011a20: expected ffff6418, got ffff6418
# Match at address 80011a24: expected ffffac44, got ffffac44
# Match at address 80011a28: expected 04080666, got 04080666
# Match at address 80011a2c: expected 1a161208, got 1a161208
# Match at address 80011a30: expected 221e221c, got 221e221c
# Match at address 80011a34: expected 0608120e, got 0608120e
# Match at address 80011a38: expected 0c140a08, got 0c140a08
# Match at address 80011a3c: expected 0016080c, got 0016080c
# Match at address 80011a40: expected 743e0e00, got 743e0e00
# Match at address 80011a44: expected 00020e4a, got 00020e4a
# Match at address 80011a48: expected 06040200, got 06040200
# Match at address 80011a4c: expected 26100204, got 26100204
# Match at address 80011a50: expected 543e3036, got 543e3036
# Match at address 80011a54: expected ffffff56, got ffffff56
# Match at address 80011a58: expected 0e0c0e74, got 0e0c0e74
# Match at address 80011a5c: expected 24260c14, got 24260c14
# Match at address 80011a60: expected ffff6c14, got ffff6c14
# Match at address 80011a64: expected ffffffb2, got ffffffb2
# Match at address 80011a68: expected 08080430, got 08080430
# Match at address 80011a6c: expected 060e1804, got 060e1804
# Match at address 80011a70: expected 120a0a06, got 120a0a06
# Match at address 80011a74: expected 12201c0a, got 12201c0a
# Match at address 80011a78: expected 1018100a, got 1018100a
# Match at address 80011a7c: expected 00180806, got 00180806
# Match at address 80011a80: expected 6c240800, got 6c240800
# Match at address 80011a84: expected 020a2e72, got 020a2e72
# Match at address 80011a88: expected 04020000, got 04020000
# Match at address 80011a8c: expected 5e4e3416, got 5e4e3416
# Match at address 80011a90: expected 54285054, got 54285054
# Match at address 80011a94: expected b2ffffff, got b2ffffff
# Match at address 80011a98: expected 14101814, got 14101814
# Match at address 80011a9c: expected 22100a0c, got 22100a0c
# Match at address 80011aa0: expected ff845216, got ff845216
# Match at address 80011aa4: expected 98ffffff, got 98ffffff
# Match at address 80011aa8: expected 0a0c1a44, got 0a0c1a44
# Match at address 80011aac: expected 221c1604, got 221c1604
# Match at address 80011ab0: expected 08080418, got 08080418
# Match at address 80011ab4: expected 101a1e16, got 101a1e16
# Match at address 80011ab8: expected 120a0c0a, got 120a0c0a
# Match at address 80011abc: expected 001a0404, got 001a0404
# Match at address 80011ac0: expected 460e0c00, got 460e0c00
# Match at address 80011ac4: expected 1e3a6a7e, got 1e3a6a7e
# Match at address 80011ac8: expected 2e1a1212, got 2e1a1212
# Match at address 80011acc: expected 465c6852, got 465c6852
# Match at address 80011ad0: expected ff263020, got ff263020
# Match at address 80011ad4: expected 30ffffff, got 30ffffff
# Match at address 80011ad8: expected 14202616, got 14202616
# Match at address 80011adc: expected 100a0808, got 100a0808
# Match at address 80011ae0: expected e02e541c, got e02e541c
# Match at address 80011ae4: expected 56eaffff, got 56eaffff
# Match at address 80011ae8: expected 0e0c4416, got 0e0c4416
# Match at address 80011aec: expected 18120608, got 18120608
# Match at address 80011af0: expected 0c040824, got 0c040824
# Match at address 80011af4: expected 1c1c220e, got 1c1c220e
# Match at address 80011af8: expected 14161e1c, got 14161e1c
# Match at address 80011afc: expected 001a1c02, got 001a1c02
# Match at address 80011b00: expected 1c040c00, got 1c040c00
# Match at address 80011b04: expected 5c6c6e4c, got 5c6c6e4c
# Match at address 80011b08: expected 6a605852, got 6a605852
# Match at address 80011b0c: expected 1a264e6a, got 1a264e6a
# Match at address 80011b10: expected ffd63e22, got ffd63e22
# Match at address 80011b14: expected 1862ffff, got 1862ffff
# Match at address 80011b18: expected 0c102624, got 0c102624
# Match at address 80011b1c: expected 0c121006, got 0c121006
# Match at address 80011b20: expected 3e443a2a, got 3e443a2a
# Match at address 80011b24: expected 3232ac70, got 3232ac70
# Match at address 80011b28: expected 0a245428, got 0a245428
# Match at address 80011b2c: expected 0c140614, got 0c140614
# Match at address 80011b30: expected 10120e28, got 10120e28
# Match at address 80011b34: expected 080e1408, got 080e1408
# Match at address 80011b38: expected 101c1218, got 101c1218
# Match at address 80011b3c: expected 00102414, got 00102414
# Match at address 80011b40: expected 0c020c00, got 0c020c00
# Match at address 80011b44: expected 36382614, got 36382614
# Match at address 80011b48: expected 3e484a3c, got 3e484a3c
# Match at address 80011b4c: expected 10060e28, got 10060e28
# Match at address 80011b50: expected ffff8824, got ffff8824
# Match at address 80011b54: expected 121074ff, got 121074ff
# Match at address 80011b58: expected 1406101a, got 1406101a
# Match at address 80011b5c: expected 14101214, got 14101214
# Match at address 80011b60: expected 2c2c2a3a, got 2c2c2a3a
# Match at address 80011b64: expected 1c024652, got 1c024652
# Match at address 80011b68: expected 0a4e105a, got 0a4e105a
# Match at address 80011b6c: expected 0a140610, got 0a140610
# Match at address 80011b70: expected 080a182a, got 080a182a
# Match at address 80011b74: expected 1226140e, got 1226140e
# Match at address 80011b78: expected 10040a0c, got 10040a0c
# Match at address 80011b7c: expected 0032382e, got 0032382e
# Match at address 80011b80: expected 0c081200, got 0c081200
# Match at address 80011b84: expected 10141010, got 10141010
# Match at address 80011b88: expected 08162416, got 08162416
# Match at address 80011b8c: expected 22181408, got 22181408
# Match at address 80011b90: expected ffffff4e, got ffffff4e
# Match at address 80011b94: expected 040216a8, got 040216a8
# Match at address 80011b98: expected 1c080a0e, got 1c080a0e
# Match at address 80011b9c: expected 06101e12, got 06101e12
# Match at address 80011ba0: expected 2e1e3a66, got 2e1e3a66
# Match at address 80011ba4: expected 34164a48, got 34164a48
# Match at address 80011ba8: expected 2e386050, got 2e386050
# Match at address 80011bac: expected 06141212, got 06141212
# Match at address 80011bb0: expected 060a1e1a, got 060a1e1a
# Match at address 80011bb4: expected 180a141c, got 180a141c
# Match at address 80011bb8: expected 1c140a04, got 1c140a04
# Match at address 80011bbc: expected 002c2622, got 002c2622
# Match at address 80011bc0: expected 060e1400, got 060e1400
# Match at address 80011bc4: expected 28201610, got 28201610
# Match at address 80011bc8: expected 1a2a1616, got 1a2a1616
# Match at address 80011bcc: expected 3a2a3c22, got 3a2a3c22
# Match at address 80011bd0: expected e6ffff9a, got e6ffff9a
# Match at address 80011bd4: expected 0a141636, got 0a141636
# Match at address 80011bd8: expected 30160a06, got 30160a06
# Match at address 80011bdc: expected 2414201e, got 2414201e
# Match at address 80011be0: expected 08203c56, got 08203c56
# Match at address 80011be4: expected 32144238, got 32144238
# Match at address 80011be8: expected 5808740a, got 5808740a
# Match at address 80011bec: expected 0e101014, got 0e101014
# Match at address 80011bf0: expected 241c2420, got 241c2420
# Match at address 80011bf4: expected 0a1a1012, got 0a1a1012
# Match at address 80011bf8: expected 0e18121c, got 0e18121c
# Match at address 80011bfc: expected 000e0a0c, got 000e0a0c
# Match at address 80011c00: expected 06100e00, got 06100e00
# Match at address 80011c04: expected 200e0804, got 200e0804
# Match at address 80011c08: expected 20142436, got 20142436
# Match at address 80011c0c: expected 3816322a, got 3816322a
# Match at address 80011c10: expected 40ffffaa, got 40ffffaa
# Match at address 80011c14: expected 10080e28, got 10080e28
# Match at address 80011c18: expected 20121010, got 20121010
# Match at address 80011c1c: expected 20161a1e, got 20161a1e
# Match at address 80011c20: expected 260e542e, got 260e542e
# Match at address 80011c24: expected 10183e26, got 10183e26
# Match at address 80011c28: expected 42503a32, got 42503a32
# Match at address 80011c2c: expected 1e120644, got 1e120644
# Match at address 80011c30: expected 10161a1c, got 10161a1c
# Match at address 80011c34: expected 0e102028, got 0e102028
# Match at address 80011c38: expected 100a100e, got 100a100e
# Match at address 80011c3c: expected 000e100c, got 000e100c
# Match at address 80011c40: expected 0c0c0600, got 0c0c0600
# Match at address 80011c44: expected 0a060204, got 0a060204
# Match at address 80011c48: expected 06223c20, got 06223c20
# Match at address 80011c4c: expected 40222c0e, got 40222c0e
# Match at address 80011c50: expected 54ffff94, got 54ffff94
# Match at address 80011c54: expected 1e0e261e, got 1e0e261e
# Match at address 80011c58: expected 181a0a0c, got 181a0a0c
# Match at address 80011c5c: expected 44181010, got 44181010
# Match at address 80011c60: expected 36164c40, got 36164c40
# Match at address 80011c64: expected 222e4416, got 222e4416
# Match at address 80011c68: expected 16681012, got 16681012
# Match at address 80011c6c: expected 080c144c, got 080c144c
# Match at address 80011c70: expected 14221814, got 14221814
# Match at address 80011c74: expected 18142812, got 18142812
# Match at address 80011c78: expected 1a0a1208, got 1a0a1208
# Match at address 80011c7c: expected 000a1014, got 000a1014
# Match at address 80011c80: expected 06040800, got 06040800
# Match at address 80011c84: expected 04020406, got 04020406
# Match at address 80011c88: expected 223e2406, got 223e2406
# Match at address 80011c8c: expected 482a1e14, got 482a1e14
# Match at address 80011c90: expected 68ffff5e, got 68ffff5e
# Match at address 80011c94: expected 280c1616, got 280c1616
# Match at address 80011c98: expected 0c181e10, got 0c181e10
# Match at address 80011c9c: expected 60260c20, got 60260c20
# Match at address 80011ca0: expected 201a4a62, got 201a4a62
# Match at address 80011ca4: expected 101a3812, got 101a3812
# Match at address 80011ca8: expected 68461e14, got 68461e14
# Match at address 80011cac: expected 0816283a, got 0816283a
# Match at address 80011cb0: expected 101a0c06, got 101a0c06
# Match at address 80011cb4: expected 1e2c1804, got 1e2c1804
# Match at address 80011cb8: expected 1404100c, got 1404100c
# Match at address 80011cbc: expected 00100a16, got 00100a16
# Match at address 80011cc0: expected 04060400, got 04060400
# Match at address 80011cc4: expected 02020404, got 02020404
# Match at address 80011cc8: expected 20220600, got 20220600
# Match at address 80011ccc: expected 343a1c10, got 343a1c10
# Match at address 80011cd0: expected baffff32, got baffff32
# Match at address 80011cd4: expected 18160a18, got 18160a18
# Match at address 80011cd8: expected 201c1a08, got 201c1a08
# Match at address 80011cdc: expected 321c021e, got 321c021e
# Match at address 80011ce0: expected 0e60326a, got 0e60326a
# Match at address 80011ce4: expected 0a20320a, got 0a20320a
# Match at address 80011ce8: expected 82303018, got 82303018
# Match at address 80011cec: expected 0a124e14, got 0a124e14
# Match at address 80011cf0: expected 0a1c1e0c, got 0a1c1e0c
# Match at address 80011cf4: expected 1c18260a, got 1c18260a
# Match at address 80011cf8: expected 1a16140e, got 1a16140e
# Match at address 80011cfc: expected 000e120c, got 000e120c
# Match at address 80011d00: expected 02081000, got 02081000
# Match at address 80011d04: expected 04040202, got 04040202
# Match at address 80011d08: expected 1a140806, got 1a140806
# Match at address 80011d0c: expected 0e222c0a, got 0e222c0a
# Match at address 80011d10: expected ecffff1e, got ecffff1e
# Match at address 80011d14: expected 20100c16, got 20100c16
# Match at address 80011d18: expected 180a1c26, got 180a1c26
# Match at address 80011d1c: expected 1a3a0810, got 1a3a0810
# Match at address 80011d20: expected 34841e7e, got 34841e7e
# Match at address 80011d24: expected 121c461c, got 121c461c
# Match at address 80011d28: expected 500c201a, got 500c201a
# Match at address 80011d2c: expected 14443854, got 14443854
# Match at address 80011d30: expected 10061830, got 10061830
# Match at address 80011d34: expected 12141818, got 12141818
# Match at address 80011d38: expected 1e20100a, got 1e20100a
# Match at address 80011d3c: expected 000e201c, got 000e201c
# Match at address 80011d40: expected 0a0c0e00, got 0a0c0e00
# Match at address 80011d44: expected 04060408, got 04060408
# Match at address 80011d48: expected 220c0004, got 220c0004
# Match at address 80011d4c: expected 0210320c, got 0210320c
# Match at address 80011d50: expected fffffa12, got fffffa12
# Match at address 80011d54: expected 120e0c0e, got 120e0c0e
# Match at address 80011d58: expected 1a200a0c, got 1a200a0c
# Match at address 80011d5c: expected 324a0e10, got 324a0e10
# Match at address 80011d60: expected 4c700490, got 4c700490
# Match at address 80011d64: expected 08365c2a, got 08365c2a
# Match at address 80011d68: expected 1e0e2c24, got 1e0e2c24
# Match at address 80011d6c: expected 424c347a, got 424c347a
# Match at address 80011d70: expected 16203042, got 16203042
# Match at address 80011d74: expected 16121622, got 16121622
# Match at address 80011d78: expected 141c1216, got 141c1216
# Match at address 80011d7c: expected 000e1a1c, got 000e1a1c
# Match at address 80011d80: expected 08080a00, got 08080a00
# Match at address 80011d84: expected 00020206, got 00020206
# Match at address 80011d88: expected 2c120c04, got 2c120c04
# Match at address 80011d8c: expected 042e361c, got 042e361c
# Match at address 80011d90: expected ffffd00e, got ffffd00e
# Match at address 80011d94: expected 242c1c22, got 242c1c22
# Match at address 80011d98: expected 02223030, got 02223030
# Match at address 80011d9c: expected 5e2e0e0e, got 5e2e0e0e
# Match at address 80011da0: expected 4266587e, got 4266587e
# Match at address 80011da4: expected 0c2a4e1c, got 0c2a4e1c
# Match at address 80011da8: expected 0c122214, got 0c122214
# Match at address 80011dac: expected 48346652, got 48346652
# Match at address 80011db0: expected 0a32282a, got 0a32282a
# Match at address 80011db4: expected 08082028, got 08082028
# Match at address 80011db8: expected 242a1a0c, got 242a1a0c
# Match at address 80011dbc: expected 00061224, got 00061224
# Match at address 80011dc0: expected 0a080800, got 0a080800
# Match at address 80011dc4: expected 02020408, got 02020408
# Match at address 80011dc8: expected 540e0806, got 540e0806
# Match at address 80011dcc: expected 12266496, got 12266496
# Match at address 80011dd0: expected ffffb40e, got ffffb40e
# Match at address 80011dd4: expected 12100a10, got 12100a10
# Match at address 80011dd8: expected 2e1e0610, got 2e1e0610
# Match at address 80011ddc: expected 92283c28, got 92283c28
# Match at address 80011de0: expected 5226b852, got 5226b852
# Match at address 80011de4: expected 103e5e18, got 103e5e18
# Match at address 80011de8: expected 262e2010, got 262e2010
# Match at address 80011dec: expected 660e4c14, got 660e4c14
# Match at address 80011df0: expected 1e383432, got 1e383432
# Match at address 80011df4: expected 28324430, got 28324430
# Match at address 80011df8: expected 302a2e2c, got 302a2e2c
# Match at address 80011dfc: expected 00081830, got 00081830
# Match at address 80011e00: expected 0a080a00, got 0a080a00
# Match at address 80011e04: expected 0404080a, got 0404080a
# Match at address 80011e08: expected f21c0808, got f21c0808
# Match at address 80011e0c: expected 1896ffff, got 1896ffff
# Match at address 80011e10: expected ffffaa0e, got ffffaa0e
# Match at address 80011e14: expected 08181a0a, got 08181a0a
# Match at address 80011e18: expected 16202012, got 16202012
# Match at address 80011e1c: expected f2203e0e, got f2203e0e
# Match at address 80011e20: expected 5826ea48, got 5826ea48
# Match at address 80011e24: expected 082a6620, got 082a6620
# Match at address 80011e28: expected 222a1a0c, got 222a1a0c
# Match at address 80011e2c: expected 50440c2c, got 50440c2c
# Match at address 80011e30: expected 222c4874, got 222c4874
# Match at address 80011e34: expected 141e361c, got 141e361c
# Match at address 80011e38: expected 12121404, got 12121404
# Match at address 80011e3c: expected 00101c12, got 00101c12
# Match at address 80011e40: expected 08080c00, got 08080c00
# Match at address 80011e44: expected 04040808, got 04040808
# Match at address 80011e48: expected ff280608, got ff280608
# Match at address 80011e4c: expected 6cffffff, got 6cffffff
# Match at address 80011e50: expected ffffa418, got ffffa418
# Match at address 80011e54: expected 1830342a, got 1830342a
# Match at address 80011e58: expected 0a141e0c, got 0a141e0c
# Match at address 80011e5c: expected ff9a3a08, got ff9a3a08
# Match at address 80011e60: expected 621cffc2, got 621cffc2
# Match at address 80011e64: expected 202c6626, got 202c6626
# Match at address 80011e68: expected 0e343840, got 0e343840
# Match at address 80011e6c: expected 22402a10, got 22402a10
# Match at address 80011e70: expected 1e16124c, got 1e16124c
# Match at address 80011e74: expected 10162810, got 10162810
# Match at address 80011e78: expected 02161626, got 02161626
# Match at address 80011e7c: expected 00120614, got 00120614
# Match at address 80011e80: expected 080a0e00, got 080a0e00
# Match at address 80011e84: expected 06060808, got 06060808
# Match at address 80011e88: expected ff380608, got ff380608
# Match at address 80011e8c: expected ffffffff, got ffffffff
# Match at address 80011e90: expected ffffa226, got ffffa226
# Match at address 80011e94: expected 34424630, got 34424630
# Match at address 80011e98: expected 141a2020, got 141a2020
# Match at address 80011e9c: expected ffe22e3a, got ffe22e3a
# Match at address 80011ea0: expected e6aaff7c, got e6aaff7c
# Match at address 80011ea4: expected 2856e8aa, got 2856e8aa
# Match at address 80011ea8: expected 08222418, got 08222418
# Match at address 80011eac: expected 84242606, got 84242606
# Match at address 80011eb0: expected 4a5472ac, got 4a5472ac
# Match at address 80011eb4: expected 100e202e, got 100e202e
# Match at address 80011eb8: expected 0c0c1c1c, got 0c0c1c1c
# Match at address 80011ebc: expected 00120e08, got 00120e08
# Match at address 80011ec0: expected 080a0e00, got 080a0e00
# Match at address 80011ec4: expected 08060608, got 08060608
# Match at address 80011ec8: expected ff560a08, got ff560a08
# Match at address 80011ecc: expected ffff3aff, got ffff3aff
# Match at address 80011ed0: expected ffff90d8, got ffff90d8
# Match at address 80011ed4: expected 2010082a, got 2010082a
# Match at address 80011ed8: expected 1e1e1628, got 1e1e1628
# Match at address 80011edc: expected fff064a4, got fff064a4
# Match at address 80011ee0: expected d89490ff, got d89490ff
# Match at address 80011ee4: expected 2a98ffbe, got 2a98ffbe
# Match at address 80011ee8: expected 02183828, got 02183828
# Match at address 80011eec: expected f472281a, got f472281a
# Match at address 80011ef0: expected 305ee0de, got 305ee0de
# Match at address 80011ef4: expected 1e1c222e, got 1e1c222e
# Match at address 80011ef8: expected 282a322c, got 282a322c
# Match at address 80011efc: expected 000e1014, got 000e1014
# Match at address 80011f00: expected 0a080a00, got 0a080a00
# Match at address 80011f04: expected 0806060a, got 0806060a
# Match at address 80011f08: expected ff720c08, got ff720c08
# Match at address 80011f0c: expected ff8c3aff, got ff8c3aff
# Match at address 80011f10: expected ffff5eff, got ffff5eff
# Match at address 80011f14: expected 0a16063a, got 0a16063a
# Match at address 80011f18: expected 5a0c1212, got 5a0c1212
# Match at address 80011f1c: expected 38ffffff, got 38ffffff
# Match at address 80011f20: expected e2e264d2, got e2e264d2
# Match at address 80011f24: expected 0688ffff, got 0688ffff
# Match at address 80011f28: expected 12180e0c, got 12180e0c
# Match at address 80011f2c: expected ff982a24, got ff982a24
# Match at address 80011f30: expected 2872ec34, got 2872ec34
# Match at address 80011f34: expected 14141420, got 14141420
# Match at address 80011f38: expected 1e242628, got 1e242628
# Match at address 80011f3c: expected 00081426, got 00081426
# Match at address 80011f40: expected 0a080800, got 0a080800
# Match at address 80011f44: expected 0604060a, got 0604060a
# Match at address 80011f48: expected ff980e08, got ff980e08
# Match at address 80011f4c: expected ff0c38f0, got ff0c38f0
# Match at address 80011f50: expected ffff74ff, got ffff74ff
# Match at address 80011f54: expected 22241e3e, got 22241e3e
# Match at address 80011f58: expected 82181214, got 82181214
# Match at address 80011f5c: expected 8ee8ffff, got 8ee8ffff
# Match at address 80011f60: expected d08a4ac8, got d08a4ac8
# Match at address 80011f64: expected 1448beff, got 1448beff
# Match at address 80011f68: expected 221c0e08, got 221c0e08
# Match at address 80011f6c: expected ff50443a, got ff50443a
# Match at address 80011f70: expected 1e5effca, got 1e5effca
# Match at address 80011f74: expected 1a1a140e, got 1a1a140e
# Match at address 80011f78: expected 181e2624, got 181e2624
# Match at address 80011f7c: expected 001e1c28, got 001e1c28
# Match at address 80011f80: expected 100a0600, got 100a0600
# Match at address 80011f84: expected 0a06060c, got 0a06060c
# Match at address 80011f88: expected ffd8180c, got ffd8180c
# Match at address 80011f8c: expected 8e2420da, got 8e2420da
# Match at address 80011f90: expected ffffffff, got ffffffff
# Match at address 80011f94: expected 082a0c4a, got 082a0c4a
# Match at address 80011f98: expected 601e262c, got 601e262c
# Match at address 80011f9c: expected fffeffff, got fffeffff
# Match at address 80011fa0: expected 183464f8, got 183464f8
# Match at address 80011fa4: expected 0a12163a, got 0a12163a
# Match at address 80011fa8: expected 262e1a1a, got 262e1a1a
# Match at address 80011fac: expected 3c2c2428, got 3c2c2428
# Match at address 80011fb0: expected 34207e42, got 34207e42
# Match at address 80011fb4: expected 1428422c, got 1428422c
# Match at address 80011fb8: expected 1a06201a, got 1a06201a
# Match at address 80011fbc: expected 000a0822, got 000a0822
# Match at address 80011fc0: expected 00000000, got 00000000
# Match at address 80011fc4: expected 00000000, got 00000000
# Match at address 80011fc8: expected 00000000, got 00000000
# Match at address 80011fcc: expected 00000000, got 00000000
# Match at address 80011fd0: expected 00000000, got 00000000
# Match at address 80011fd4: expected 00000000, got 00000000
# Match at address 80011fd8: expected 00000000, got 00000000
# Match at address 80011fdc: expected 00000000, got 00000000
# Match at address 80011fe0: expected 00000000, got 00000000
# Match at address 80011fe4: expected 00000000, got 00000000
# Match at address 80011fe8: expected 00000000, got 00000000
# Match at address 80011fec: expected 00000000, got 00000000
# Match at address 80011ff0: expected 00000000, got 00000000
# Match at address 80011ff4: expected 00000000, got 00000000
# Match at address 80011ff8: expected 00000000, got 00000000
# Match at address 80011ffc: expected 00000000, got 00000000
#  PASS
# ** Note: $finish    : ../tb/tb_rv32imp_pipeline.sv(67)
#    Time: 1967356 ns  Iteration: 0  Instance: /tb_rv32imp_pipeline
# End time: 18:58:52 on Apr 22,2026, Elapsed time: 0:00:08
# Errors: 0, Warnings: 0
